{"/Users/michaelmclaughlin/Documents/morbius/github/airdrop/packages/sdk/src/__tests__/helpers/anvil.ts": {"path":"/Users/michaelmclaughlin/Documents/morbius/github/airdrop/packages/sdk/src/__tests__/helpers/anvil.ts","statementMap":{"0":{"start":{"line":17,"column":2},"end":{"line":17,"column":null}},"1":{"start":{"line":28,"column":8},"end":{"line":28,"column":56}},"2":{"start":{"line":30,"column":8},"end":{"line":33,"column":4}},"3":{"start":{"line":35,"column":8},"end":{"line":39,"column":4}},"4":{"start":{"line":41,"column":2},"end":{"line":47,"column":null}},"5":{"start":{"line":56,"column":15},"end":{"line":61,"column":4}},"6":{"start":{"line":62,"column":18},"end":{"line":62,"column":76}},"7":{"start":{"line":63,"column":2},"end":{"line":63,"column":null}},"8":{"start":{"line":63,"column":32},"end":{"line":63,"column":null}},"9":{"start":{"line":64,"column":2},"end":{"line":64,"column":null}},"10":{"start":{"line":69,"column":2},"end":{"line":70,"column":null}},"11":{"start":{"line":69,"column":15},"end":{"line":69,"column":18}},"12":{"start":{"line":70,"column":4},"end":{"line":70,"column":null}},"13":{"start":{"line":80,"column":15},"end":{"line":85,"column":4}},"14":{"start":{"line":86,"column":2},"end":{"line":86,"column":null}}},"fnMap":{"0":{"name":"createAnvilContext","decl":{"start":{"line":27,"column":16},"end":{"line":27,"column":35}},"loc":{"start":{"line":27,"column":83},"end":{"line":47,"column":null}},"line":27},"1":{"name":"deployContract","decl":{"start":{"line":51,"column":22},"end":{"line":51,"column":null}},"loc":{"start":{"line":55,"column":20},"end":{"line":64,"column":null}},"line":55},"2":{"name":"mineBlocks","decl":{"start":{"line":68,"column":22},"end":{"line":68,"column":33}},"loc":{"start":{"line":68,"column":82},"end":{"line":70,"column":null}},"line":68},"3":{"name":"fundAddress","decl":{"start":{"line":75,"column":22},"end":{"line":75,"column":null}},"loc":{"start":{"line":79,"column":17},"end":{"line":86,"column":null}},"line":79}},"branchMap":{"0":{"loc":{"start":{"line":27,"column":35},"end":{"line":27,"column":83}},"type":"default-arg","locations":[{"start":{"line":27,"column":44},"end":{"line":27,"column":83}}],"line":27},"1":{"loc":{"start":{"line":63,"column":2},"end":{"line":63,"column":null}},"type":"if","locations":[{"start":{"line":63,"column":2},"end":{"line":63,"column":null}},{"start":{},"end":{}}],"line":63}},"s":{"0":3,"1":9,"2":9,"3":9,"4":9,"5":4,"6":4,"7":4,"8":0,"9":4,"10":1,"11":1,"12":3,"13":7,"14":7},"f":{"0":9,"1":4,"2":1,"3":7},"b":{"0":[9],"1":[0,4]},"meta":{"lastBranch":2,"lastFunction":4,"lastStatement":15,"seen":{"s:17:2:17:Infinity":0,"f:27:16:27:35":0,"b:27:44:27:83":0,"s:28:8:28:56":1,"s:30:8:33:4":2,"s:35:8:39:4":3,"s:41:2:47:Infinity":4,"f:51:22:51:Infinity":1,"s:56:15:61:4":5,"s:62:18:62:76":6,"b:63:2:63:Infinity:undefined:undefined:undefined:undefined":1,"s:63:2:63:Infinity":7,"s:63:32:63:Infinity":8,"s:64:2:64:Infinity":9,"f:68:22:68:33":2,"s:69:2:70:Infinity":10,"s:69:15:69:18":11,"s:70:4:70:Infinity":12,"f:75:22:75:Infinity":3,"s:80:15:85:4":13,"s:86:2:86:Infinity":14}}}
,"/Users/michaelmclaughlin/Documents/morbius/github/airdrop/packages/sdk/src/__tests__/helpers/mock-erc20.ts": {"path":"/Users/michaelmclaughlin/Documents/morbius/github/airdrop/packages/sdk/src/__tests__/helpers/mock-erc20.ts","statementMap":{"0":{"start":{"line":5,"column":6},"end":{"line":5,"column":46}},"1":{"start":{"line":9,"column":26},"end":{"line":9,"column":103}},"2":{"start":{"line":16,"column":28},"end":{"line":16,"column":109}},"3":{"start":{"line":21,"column":30},"end":{"line":21,"column":null}},"4":{"start":{"line":23,"column":36},"end":{"line":72,"column":null}},"5":{"start":{"line":90,"column":19},"end":{"line":90,"column":null}},"6":{"start":{"line":92,"column":8},"end":{"line":94,"column":null}},"7":{"start":{"line":96,"column":26},"end":{"line":96,"column":61}},"8":{"start":{"line":98,"column":2},"end":{"line":98,"column":null}},"9":{"start":{"line":118,"column":19},"end":{"line":118,"column":null}},"10":{"start":{"line":120,"column":8},"end":{"line":122,"column":null}},"11":{"start":{"line":124,"column":26},"end":{"line":124,"column":61}},"12":{"start":{"line":126,"column":2},"end":{"line":126,"column":null}}},"fnMap":{"0":{"name":"deployMockERC20","decl":{"start":{"line":84,"column":22},"end":{"line":84,"column":null}},"loc":{"start":{"line":89,"column":20},"end":{"line":98,"column":null}},"line":89},"1":{"name":"deploySimpleERC20","decl":{"start":{"line":112,"column":22},"end":{"line":112,"column":null}},"loc":{"start":{"line":117,"column":20},"end":{"line":126,"column":null}},"line":117}},"branchMap":{"0":{"loc":{"start":{"line":86,"column":2},"end":{"line":86,"column":null}},"type":"default-arg","locations":[{"start":{"line":86,"column":9},"end":{"line":86,"column":null}}],"line":86},"1":{"loc":{"start":{"line":87,"column":2},"end":{"line":87,"column":null}},"type":"default-arg","locations":[{"start":{"line":87,"column":11},"end":{"line":87,"column":null}}],"line":87},"2":{"loc":{"start":{"line":88,"column":2},"end":{"line":88,"column":null}},"type":"default-arg","locations":[{"start":{"line":88,"column":13},"end":{"line":88,"column":null}}],"line":88},"3":{"loc":{"start":{"line":114,"column":2},"end":{"line":114,"column":null}},"type":"default-arg","locations":[{"start":{"line":114,"column":9},"end":{"line":114,"column":null}}],"line":114},"4":{"loc":{"start":{"line":115,"column":2},"end":{"line":115,"column":null}},"type":"default-arg","locations":[{"start":{"line":115,"column":11},"end":{"line":115,"column":null}}],"line":115},"5":{"loc":{"start":{"line":116,"column":2},"end":{"line":116,"column":null}},"type":"default-arg","locations":[{"start":{"line":116,"column":13},"end":{"line":116,"column":null}}],"line":116}},"s":{"0":3,"1":3,"2":3,"3":3,"4":3,"5":3,"6":3,"7":3,"8":3,"9":1,"10":1,"11":1,"12":1},"f":{"0":3,"1":1},"b":{"0":[3],"1":[3],"2":[3],"3":[1],"4":[1],"5":[1]},"meta":{"lastBranch":6,"lastFunction":2,"lastStatement":13,"seen":{"s:5:6:5:46":0,"s:9:26:9:103":1,"s:16:28:16:109":2,"s:21:30:21:Infinity":3,"s:23:36:72:Infinity":4,"f:84:22:84:Infinity":0,"b:86:9:86:Infinity":0,"b:87:11:87:Infinity":1,"b:88:13:88:Infinity":2,"s:90:19:90:Infinity":5,"s:92:8:94:Infinity":6,"s:96:26:96:61":7,"s:98:2:98:Infinity":8,"f:112:22:112:Infinity":1,"b:114:9:114:Infinity":3,"b:115:11:115:Infinity":4,"b:116:13:116:Infinity":5,"s:118:19:118:Infinity":9,"s:120:8:122:Infinity":10,"s:124:26:124:61":11,"s:126:2:126:Infinity":12}}}
,"/Users/michaelmclaughlin/Documents/morbius/github/airdrop/packages/sdk/src/chains/config.ts": {"path":"/Users/michaelmclaughlin/Documents/morbius/github/airdrop/packages/sdk/src/chains/config.ts","statementMap":{"0":{"start":{"line":3,"column":56},"end":{"line":40,"column":null}}},"fnMap":{},"branchMap":{},"s":{"0":2},"f":{},"b":{},"meta":{"lastBranch":0,"lastFunction":0,"lastStatement":1,"seen":{"s:3:56:40:Infinity":0}}}
,"/Users/michaelmclaughlin/Documents/morbius/github/airdrop/packages/sdk/src/chains/index.ts": {"path":"/Users/michaelmclaughlin/Documents/morbius/github/airdrop/packages/sdk/src/chains/index.ts","statementMap":{"0":{"start":{"line":6,"column":17},"end":{"line":7,"column":null}},"1":{"start":{"line":7,"column":30},"end":{"line":7,"column":44}},"2":{"start":{"line":11,"column":2},"end":{"line":11,"column":null}},"3":{"start":{"line":15,"column":2},"end":{"line":15,"column":null}}},"fnMap":{"0":{"name":"(anonymous_0)","decl":{"start":{"line":7,"column":19},"end":{"line":7,"column":24}},"loc":{"start":{"line":7,"column":30},"end":{"line":7,"column":44}},"line":7},"1":{"name":"getChainConfig","decl":{"start":{"line":10,"column":16},"end":{"line":10,"column":31}},"loc":{"start":{"line":10,"column":68},"end":{"line":11,"column":null}},"line":10},"2":{"name":"getExplorerApiUrl","decl":{"start":{"line":14,"column":16},"end":{"line":14,"column":34}},"loc":{"start":{"line":14,"column":66},"end":{"line":15,"column":null}},"line":14}},"branchMap":{"0":{"loc":{"start":{"line":11,"column":9},"end":{"line":11,"column":null}},"type":"binary-expr","locations":[{"start":{"line":11,"column":9},"end":{"line":11,"column":30}},{"start":{"line":11,"column":34},"end":{"line":11,"column":null}}],"line":11},"1":{"loc":{"start":{"line":15,"column":9},"end":{"line":15,"column":null}},"type":"binary-expr","locations":[{"start":{"line":15,"column":9},"end":{"line":15,"column":50}},{"start":{"line":15,"column":50},"end":{"line":15,"column":null}}],"line":15}},"s":{"0":2,"1":8,"2":3,"3":5},"f":{"0":8,"1":3,"2":5},"b":{"0":[3,1],"1":[5,3]},"meta":{"lastBranch":2,"lastFunction":3,"lastStatement":4,"seen":{"s:6:17:7:Infinity":0,"f:7:19:7:24":0,"s:7:30:7:44":1,"f:10:16:10:31":1,"s:11:2:11:Infinity":2,"b:11:9:11:30:11:34:11:Infinity":0,"f:14:16:14:34":2,"s:15:2:15:Infinity":3,"b:15:9:15:50:15:50:15:Infinity":1}}}
,"/Users/michaelmclaughlin/Documents/morbius/github/airdrop/packages/sdk/src/csv/amounts.ts": {"path":"/Users/michaelmclaughlin/Documents/morbius/github/airdrop/packages/sdk/src/csv/amounts.ts","statementMap":{"0":{"start":{"line":4,"column":2},"end":{"line":4,"column":null}},"1":{"start":{"line":4,"column":27},"end":{"line":4,"column":null}},"2":{"start":{"line":5,"column":2},"end":{"line":5,"column":null}},"3":{"start":{"line":5,"column":28},"end":{"line":5,"column":43}},"4":{"start":{"line":13,"column":72},"end":{"line":13,"column":74}},"5":{"start":{"line":14,"column":2},"end":{"line":21,"column":null}},"6":{"start":{"line":14,"column":15},"end":{"line":14,"column":18}},"7":{"start":{"line":15,"column":19},"end":{"line":15,"column":null}},"8":{"start":{"line":16,"column":4},"end":{"line":16,"column":null}},"9":{"start":{"line":16,"column":25},"end":{"line":16,"column":null}},"10":{"start":{"line":17,"column":4},"end":{"line":18,"column":null}},"11":{"start":{"line":18,"column":6},"end":{"line":18,"column":null}},"12":{"start":{"line":20,"column":4},"end":{"line":21,"column":null}},"13":{"start":{"line":21,"column":6},"end":{"line":21,"column":null}},"14":{"start":{"line":24,"column":2},"end":{"line":24,"column":null}}},"fnMap":{"0":{"name":"detectAmountFormat","decl":{"start":{"line":3,"column":16},"end":{"line":3,"column":35}},"loc":{"start":{"line":3,"column":76},"end":{"line":5,"column":null}},"line":3},"1":{"name":"(anonymous_1)","decl":{"start":{"line":5,"column":16},"end":{"line":5,"column":22}},"loc":{"start":{"line":5,"column":28},"end":{"line":5,"column":43}},"line":5},"2":{"name":"flagConflicts","decl":{"start":{"line":12,"column":16},"end":{"line":12,"column":30}},"loc":{"start":{"line":12,"column":93},"end":{"line":24,"column":null}},"line":12}},"branchMap":{"0":{"loc":{"start":{"line":4,"column":2},"end":{"line":4,"column":null}},"type":"if","locations":[{"start":{"line":4,"column":2},"end":{"line":4,"column":null}},{"start":{},"end":{}}],"line":4},"1":{"loc":{"start":{"line":5,"column":9},"end":{"line":5,"column":null}},"type":"cond-expr","locations":[{"start":{"line":5,"column":47},"end":{"line":5,"column":59}},{"start":{"line":5,"column":59},"end":{"line":5,"column":null}}],"line":5},"2":{"loc":{"start":{"line":16,"column":4},"end":{"line":16,"column":null}},"type":"if","locations":[{"start":{"line":16,"column":4},"end":{"line":16,"column":null}},{"start":{},"end":{}}],"line":16},"3":{"loc":{"start":{"line":17,"column":4},"end":{"line":18,"column":null}},"type":"if","locations":[{"start":{"line":17,"column":4},"end":{"line":18,"column":null}},{"start":{},"end":{}}],"line":17},"4":{"loc":{"start":{"line":17,"column":8},"end":{"line":17,"column":52}},"type":"binary-expr","locations":[{"start":{"line":17,"column":8},"end":{"line":17,"column":32}},{"start":{"line":17,"column":32},"end":{"line":17,"column":52}}],"line":17},"5":{"loc":{"start":{"line":20,"column":4},"end":{"line":21,"column":null}},"type":"if","locations":[{"start":{"line":20,"column":4},"end":{"line":21,"column":null}},{"start":{},"end":{}}],"line":20},"6":{"loc":{"start":{"line":20,"column":8},"end":{"line":20,"column":61}},"type":"binary-expr","locations":[{"start":{"line":20,"column":8},"end":{"line":20,"column":32}},{"start":{"line":20,"column":32},"end":{"line":20,"column":61}}],"line":20}},"s":{"0":4,"1":1,"2":3,"3":7,"4":2,"5":2,"6":2,"7":4,"8":4,"9":0,"10":4,"11":1,"12":4,"13":0,"14":2},"f":{"0":4,"1":7,"2":2},"b":{"0":[1,3],"1":[2,1],"2":[0,4],"3":[1,3],"4":[4,4],"5":[0,4],"6":[4,0]},"meta":{"lastBranch":7,"lastFunction":3,"lastStatement":15,"seen":{"f:3:16:3:35":0,"b:4:2:4:Infinity:undefined:undefined:undefined:undefined":0,"s:4:2:4:Infinity":0,"s:4:27:4:Infinity":1,"s:5:2:5:Infinity":2,"b:5:47:5:59:5:59:5:Infinity":1,"f:5:16:5:22":1,"s:5:28:5:43":3,"f:12:16:12:30":2,"s:13:72:13:74":4,"s:14:2:21:Infinity":5,"s:14:15:14:18":6,"s:15:19:15:Infinity":7,"b:16:4:16:Infinity:undefined:undefined:undefined:undefined":2,"s:16:4:16:Infinity":8,"s:16:25:16:Infinity":9,"b:17:4:18:Infinity:undefined:undefined:undefined:undefined":3,"s:17:4:18:Infinity":10,"b:17:8:17:32:17:32:17:52":4,"s:18:6:18:Infinity":11,"b:20:4:21:Infinity:undefined:undefined:undefined:undefined":5,"s:20:4:21:Infinity":12,"b:20:8:20:32:20:32:20:61":6,"s:21:6:21:Infinity":13,"s:24:2:24:Infinity":14}}}
,"/Users/michaelmclaughlin/Documents/morbius/github/airdrop/packages/sdk/src/csv/index.ts": {"path":"/Users/michaelmclaughlin/Documents/morbius/github/airdrop/packages/sdk/src/csv/index.ts","statementMap":{},"fnMap":{},"branchMap":{},"s":{},"f":{},"b":{},"meta":{"lastBranch":0,"lastFunction":0,"lastStatement":0,"seen":{}}}
,"/Users/michaelmclaughlin/Documents/morbius/github/airdrop/packages/sdk/src/csv/parse.ts": {"path":"/Users/michaelmclaughlin/Documents/morbius/github/airdrop/packages/sdk/src/csv/parse.ts","statementMap":{"0":{"start":{"line":9,"column":22},"end":{"line":9,"column":null}},"1":{"start":{"line":12,"column":16},"end":{"line":12,"column":99}},"2":{"start":{"line":12,"column":53},"end":{"line":12,"column":64}},"3":{"start":{"line":12,"column":83},"end":{"line":12,"column":99}},"4":{"start":{"line":13,"column":2},"end":{"line":13,"column":null}},"5":{"start":{"line":13,"column":26},"end":{"line":13,"column":null}},"6":{"start":{"line":15,"column":20},"end":{"line":15,"column":42}},"7":{"start":{"line":16,"column":20},"end":{"line":16,"column":49}},"8":{"start":{"line":17,"column":26},"end":{"line":17,"column":54}},"9":{"start":{"line":18,"column":20},"end":{"line":18,"column":null}},"10":{"start":{"line":20,"column":25},"end":{"line":20,"column":27}},"11":{"start":{"line":21,"column":2},"end":{"line":27,"column":null}},"12":{"start":{"line":22,"column":18},"end":{"line":22,"column":54}},"13":{"start":{"line":22,"column":45},"end":{"line":22,"column":53}},"14":{"start":{"line":23,"column":23},"end":{"line":23,"column":null}},"15":{"start":{"line":24,"column":4},"end":{"line":24,"column":null}},"16":{"start":{"line":24,"column":41},"end":{"line":24,"column":null}},"17":{"start":{"line":25,"column":20},"end":{"line":25,"column":44}},"18":{"start":{"line":26,"column":19},"end":{"line":26,"column":null}},"19":{"start":{"line":27,"column":4},"end":{"line":27,"column":null}},"20":{"start":{"line":30,"column":2},"end":{"line":30,"column":null}}},"fnMap":{"0":{"name":"parseCSV","decl":{"start":{"line":11,"column":16},"end":{"line":11,"column":25}},"loc":{"start":{"line":11,"column":53},"end":{"line":30,"column":null}},"line":11},"1":{"name":"(anonymous_1)","decl":{"start":{"line":12,"column":39},"end":{"line":12,"column":44}},"loc":{"start":{"line":12,"column":53},"end":{"line":12,"column":64}},"line":12},"2":{"name":"(anonymous_2)","decl":{"start":{"line":12,"column":66},"end":{"line":12,"column":74}},"loc":{"start":{"line":12,"column":83},"end":{"line":12,"column":99}},"line":12},"3":{"name":"(anonymous_3)","decl":{"start":{"line":22,"column":34},"end":{"line":22,"column":39}},"loc":{"start":{"line":22,"column":45},"end":{"line":22,"column":53}},"line":22}},"branchMap":{"0":{"loc":{"start":{"line":13,"column":2},"end":{"line":13,"column":null}},"type":"if","locations":[{"start":{"line":13,"column":2},"end":{"line":13,"column":null}},{"start":{},"end":{}}],"line":13},"1":{"loc":{"start":{"line":18,"column":20},"end":{"line":18,"column":null}},"type":"cond-expr","locations":[{"start":{"line":18,"column":32},"end":{"line":18,"column":46}},{"start":{"line":18,"column":49},"end":{"line":18,"column":null}}],"line":18},"2":{"loc":{"start":{"line":24,"column":4},"end":{"line":24,"column":null}},"type":"if","locations":[{"start":{"line":24,"column":4},"end":{"line":24,"column":null}},{"start":{},"end":{}}],"line":24},"3":{"loc":{"start":{"line":26,"column":19},"end":{"line":26,"column":null}},"type":"cond-expr","locations":[{"start":{"line":26,"column":57},"end":{"line":26,"column":68}},{"start":{"line":26,"column":68},"end":{"line":26,"column":null}}],"line":26},"4":{"loc":{"start":{"line":26,"column":19},"end":{"line":26,"column":57}},"type":"binary-expr","locations":[{"start":{"line":26,"column":19},"end":{"line":26,"column":38}},{"start":{"line":26,"column":38},"end":{"line":26,"column":57}}],"line":26}},"s":{"0":1,"1":4,"2":10,"3":10,"4":4,"5":0,"6":4,"7":4,"8":4,"9":4,"10":4,"11":4,"12":7,"13":9,"14":7,"15":7,"16":0,"17":7,"18":7,"19":7,"20":4},"f":{"0":4,"1":10,"2":10,"3":9},"b":{"0":[0,4],"1":[3,1],"2":[0,7],"3":[2,5],"4":[7,2]},"meta":{"lastBranch":5,"lastFunction":4,"lastStatement":21,"seen":{"s:9:22:9:Infinity":0,"f:11:16:11:25":0,"s:12:16:12:99":1,"f:12:39:12:44":1,"s:12:53:12:64":2,"f:12:66:12:74":2,"s:12:83:12:99":3,"b:13:2:13:Infinity:undefined:undefined:undefined:undefined":0,"s:13:2:13:Infinity":4,"s:13:26:13:Infinity":5,"s:15:20:15:42":6,"s:16:20:16:49":7,"s:17:26:17:54":8,"s:18:20:18:Infinity":9,"b:18:32:18:46:18:49:18:Infinity":1,"s:20:25:20:27":10,"s:21:2:27:Infinity":11,"s:22:18:22:54":12,"f:22:34:22:39":3,"s:22:45:22:53":13,"s:23:23:23:Infinity":14,"b:24:4:24:Infinity:undefined:undefined:undefined:undefined":2,"s:24:4:24:Infinity":15,"s:24:41:24:Infinity":16,"s:25:20:25:44":17,"s:26:19:26:Infinity":18,"b:26:57:26:68:26:68:26:Infinity":3,"b:26:19:26:38:26:38:26:57":4,"s:27:4:27:Infinity":19,"s:30:2:30:Infinity":20}}}
,"/Users/michaelmclaughlin/Documents/morbius/github/airdrop/packages/sdk/src/csv/validate.ts": {"path":"/Users/michaelmclaughlin/Documents/morbius/github/airdrop/packages/sdk/src/csv/validate.ts","statementMap":{"0":{"start":{"line":3,"column":22},"end":{"line":3,"column":null}},"1":{"start":{"line":11,"column":26},"end":{"line":11,"column":28}},"2":{"start":{"line":12,"column":68},"end":{"line":12,"column":70}},"3":{"start":{"line":13,"column":2},"end":{"line":18,"column":null}},"4":{"start":{"line":13,"column":15},"end":{"line":13,"column":18}},"5":{"start":{"line":14,"column":16},"end":{"line":14,"column":null}},"6":{"start":{"line":15,"column":4},"end":{"line":18,"column":null}},"7":{"start":{"line":16,"column":6},"end":{"line":16,"column":null}},"8":{"start":{"line":18,"column":6},"end":{"line":18,"column":null}},"9":{"start":{"line":21,"column":2},"end":{"line":21,"column":null}},"10":{"start":{"line":25,"column":15},"end":{"line":25,"column":32}},"11":{"start":{"line":26,"column":27},"end":{"line":26,"column":29}},"12":{"start":{"line":27,"column":2},"end":{"line":31,"column":null}},"13":{"start":{"line":28,"column":23},"end":{"line":28,"column":48}},"14":{"start":{"line":29,"column":4},"end":{"line":29,"column":null}},"15":{"start":{"line":29,"column":30},"end":{"line":29,"column":null}},"16":{"start":{"line":30,"column":4},"end":{"line":30,"column":null}},"17":{"start":{"line":31,"column":4},"end":{"line":31,"column":null}},"18":{"start":{"line":33,"column":2},"end":{"line":33,"column":null}}},"fnMap":{"0":{"name":"validateAddresses","decl":{"start":{"line":10,"column":16},"end":{"line":10,"column":34}},"loc":{"start":{"line":10,"column":77},"end":{"line":21,"column":null}},"line":10},"1":{"name":"deduplicateAddresses","decl":{"start":{"line":24,"column":16},"end":{"line":24,"column":37}},"loc":{"start":{"line":24,"column":81},"end":{"line":33,"column":null}},"line":24}},"branchMap":{"0":{"loc":{"start":{"line":15,"column":4},"end":{"line":18,"column":null}},"type":"if","locations":[{"start":{"line":15,"column":4},"end":{"line":18,"column":null}},{"start":{"line":17,"column":11},"end":{"line":18,"column":null}}],"line":15},"1":{"loc":{"start":{"line":29,"column":4},"end":{"line":29,"column":null}},"type":"if","locations":[{"start":{"line":29,"column":4},"end":{"line":29,"column":null}},{"start":{},"end":{}}],"line":29}},"s":{"0":1,"1":1,"2":1,"3":1,"4":1,"5":2,"6":2,"7":1,"8":1,"9":1,"10":2,"11":2,"12":2,"13":5,"14":5,"15":2,"16":3,"17":3,"18":2},"f":{"0":1,"1":2},"b":{"0":[1,1],"1":[2,3]},"meta":{"lastBranch":2,"lastFunction":2,"lastStatement":19,"seen":{"s:3:22:3:Infinity":0,"f:10:16:10:34":0,"s:11:26:11:28":1,"s:12:68:12:70":2,"s:13:2:18:Infinity":3,"s:13:15:13:18":4,"s:14:16:14:Infinity":5,"b:15:4:18:Infinity:17:11:18:Infinity":0,"s:15:4:18:Infinity":6,"s:16:6:16:Infinity":7,"s:18:6:18:Infinity":8,"s:21:2:21:Infinity":9,"f:24:16:24:37":1,"s:25:15:25:32":10,"s:26:27:26:29":11,"s:27:2:31:Infinity":12,"s:28:23:28:48":13,"b:29:4:29:Infinity:undefined:undefined:undefined:undefined":1,"s:29:4:29:Infinity":14,"s:29:30:29:Infinity":15,"s:30:4:30:Infinity":16,"s:31:4:31:Infinity":17,"s:33:2:33:Infinity":18}}}
,"/Users/michaelmclaughlin/Documents/morbius/github/airdrop/packages/sdk/src/distributor/allowance.ts": {"path":"/Users/michaelmclaughlin/Documents/morbius/github/airdrop/packages/sdk/src/distributor/allowance.ts","statementMap":{"0":{"start":{"line":4,"column":16},"end":{"line":4,"column":null}},"1":{"start":{"line":33,"column":86},"end":{"line":33,"column":null}},"2":{"start":{"line":35,"column":15},"end":{"line":42,"column":4}},"3":{"start":{"line":44,"column":2},"end":{"line":44,"column":null}},"4":{"start":{"line":45,"column":2},"end":{"line":45,"column":null}},"5":{"start":{"line":57,"column":86},"end":{"line":57,"column":null}},"6":{"start":{"line":59,"column":15},"end":{"line":66,"column":4}},"7":{"start":{"line":68,"column":2},"end":{"line":68,"column":null}},"8":{"start":{"line":69,"column":2},"end":{"line":69,"column":null}},"9":{"start":{"line":79,"column":71},"end":{"line":79,"column":null}},"10":{"start":{"line":81,"column":2},"end":{"line":86,"column":null}}},"fnMap":{"0":{"name":"approveOperator","decl":{"start":{"line":32,"column":22},"end":{"line":32,"column":38}},"loc":{"start":{"line":32,"column":83},"end":{"line":45,"column":null}},"line":32},"1":{"name":"increaseOperatorAllowance","decl":{"start":{"line":54,"column":22},"end":{"line":54,"column":null}},"loc":{"start":{"line":56,"column":16},"end":{"line":69,"column":null}},"line":56},"2":{"name":"getAllowance","decl":{"start":{"line":78,"column":22},"end":{"line":78,"column":35}},"loc":{"start":{"line":78,"column":80},"end":{"line":86,"column":null}},"line":78}},"branchMap":{},"s":{"0":1,"1":1,"2":1,"3":1,"4":1,"5":1,"6":1,"7":1,"8":1,"9":2,"10":2},"f":{"0":1,"1":1,"2":2},"b":{},"meta":{"lastBranch":0,"lastFunction":3,"lastStatement":11,"seen":{"s:4:16:4:Infinity":0,"f:32:22:32:38":0,"s:33:86:33:Infinity":1,"s:35:15:42:4":2,"s:44:2:44:Infinity":3,"s:45:2:45:Infinity":4,"f:54:22:54:Infinity":1,"s:57:86:57:Infinity":5,"s:59:15:66:4":6,"s:68:2:68:Infinity":7,"s:69:2:69:Infinity":8,"f:78:22:78:35":2,"s:79:71:79:Infinity":9,"s:81:2:86:Infinity":10}}}
,"/Users/michaelmclaughlin/Documents/morbius/github/airdrop/packages/sdk/src/distributor/deploy.ts": {"path":"/Users/michaelmclaughlin/Documents/morbius/github/airdrop/packages/sdk/src/distributor/deploy.ts","statementMap":{"0":{"start":{"line":21,"column":2},"end":{"line":21,"column":null}},"1":{"start":{"line":30,"column":23},"end":{"line":30,"column":null}},"2":{"start":{"line":31,"column":2},"end":{"line":31,"column":null}},"3":{"start":{"line":41,"column":56},"end":{"line":41,"column":null}},"4":{"start":{"line":42,"column":19},"end":{"line":42,"column":39}},"5":{"start":{"line":44,"column":15},"end":{"line":49,"column":4}},"6":{"start":{"line":51,"column":18},"end":{"line":51,"column":72}},"7":{"start":{"line":53,"column":2},"end":{"line":54,"column":null}},"8":{"start":{"line":54,"column":4},"end":{"line":54,"column":null}},"9":{"start":{"line":57,"column":2},"end":{"line":62,"column":null}}},"fnMap":{"0":{"name":"getArtifact","decl":{"start":{"line":20,"column":9},"end":{"line":20,"column":21}},"loc":{"start":{"line":20,"column":67},"end":{"line":21,"column":null}},"line":20},"1":{"name":"getContractSourceTemplate","decl":{"start":{"line":29,"column":16},"end":{"line":29,"column":42}},"loc":{"start":{"line":29,"column":78},"end":{"line":31,"column":null}},"line":29},"2":{"name":"deployDistributor","decl":{"start":{"line":40,"column":22},"end":{"line":40,"column":40}},"loc":{"start":{"line":40,"column":85},"end":{"line":62,"column":null}},"line":40}},"branchMap":{"0":{"loc":{"start":{"line":21,"column":10},"end":{"line":21,"column":null}},"type":"cond-expr","locations":[{"start":{"line":21,"column":33},"end":{"line":21,"column":57}},{"start":{"line":21,"column":57},"end":{"line":21,"column":null}}],"line":21},"1":{"loc":{"start":{"line":30,"column":23},"end":{"line":30,"column":null}},"type":"cond-expr","locations":[{"start":{"line":30,"column":46},"end":{"line":30,"column":64}},{"start":{"line":30,"column":64},"end":{"line":30,"column":null}}],"line":30},"2":{"loc":{"start":{"line":53,"column":2},"end":{"line":54,"column":null}},"type":"if","locations":[{"start":{"line":53,"column":2},"end":{"line":54,"column":null}},{"start":{},"end":{}}],"line":53}},"s":{"0":6,"1":3,"2":3,"3":6,"4":6,"5":6,"6":6,"7":6,"8":0,"9":6},"f":{"0":6,"1":3,"2":6},"b":{"0":[3,3],"1":[2,1],"2":[0,6]},"meta":{"lastBranch":3,"lastFunction":3,"lastStatement":10,"seen":{"f:20:9:20:21":0,"s:21:2:21:Infinity":0,"b:21:33:21:57:21:57:21:Infinity":0,"f:29:16:29:42":1,"s:30:23:30:Infinity":1,"b:30:46:30:64:30:64:30:Infinity":1,"s:31:2:31:Infinity":2,"f:40:22:40:40":2,"s:41:56:41:Infinity":3,"s:42:19:42:39":4,"s:44:15:49:4":5,"s:51:18:51:72":6,"b:53:2:54:Infinity:undefined:undefined:undefined:undefined":2,"s:53:2:54:Infinity":7,"s:54:4:54:Infinity":8,"s:57:2:62:Infinity":9}}}
,"/Users/michaelmclaughlin/Documents/morbius/github/airdrop/packages/sdk/src/distributor/disperse.ts": {"path":"/Users/michaelmclaughlin/Documents/morbius/github/airdrop/packages/sdk/src/distributor/disperse.ts","statementMap":{"0":{"start":{"line":8,"column":2},"end":{"line":8,"column":null}},"1":{"start":{"line":12,"column":2},"end":{"line":12,"column":null}},"2":{"start":{"line":13,"column":21},"end":{"line":13,"column":null}},"3":{"start":{"line":63,"column":6},"end":{"line":63,"column":null}},"4":{"start":{"line":65,"column":14},"end":{"line":65,"column":29}},"5":{"start":{"line":66,"column":19},"end":{"line":66,"column":null}},"6":{"start":{"line":67,"column":8},"end":{"line":67,"column":60}},"7":{"start":{"line":68,"column":8},"end":{"line":68,"column":54}},"8":{"start":{"line":69,"column":33},"end":{"line":69,"column":35}},"9":{"start":{"line":71,"column":2},"end":{"line":114,"column":null}},"10":{"start":{"line":71,"column":15},"end":{"line":71,"column":18}},"11":{"start":{"line":72,"column":28},"end":{"line":72,"column":null}},"12":{"start":{"line":73,"column":25},"end":{"line":73,"column":null}},"13":{"start":{"line":74,"column":23},"end":{"line":74,"column":null}},"14":{"start":{"line":74,"column":66},"end":{"line":74,"column":75}},"15":{"start":{"line":76,"column":4},"end":{"line":81,"column":null}},"16":{"start":{"line":84,"column":6},"end":{"line":86,"column":null}},"17":{"start":{"line":88,"column":20},"end":{"line":96,"column":6}},"18":{"start":{"line":98,"column":37},"end":{"line":105,"column":null}},"19":{"start":{"line":107,"column":4},"end":{"line":107,"column":null}},"20":{"start":{"line":109,"column":4},"end":{"line":114,"column":null}},"21":{"start":{"line":117,"column":2},"end":{"line":117,"column":null}},"22":{"start":{"line":142,"column":6},"end":{"line":142,"column":null}},"23":{"start":{"line":144,"column":14},"end":{"line":144,"column":29}},"24":{"start":{"line":145,"column":19},"end":{"line":145,"column":null}},"25":{"start":{"line":146,"column":8},"end":{"line":146,"column":60}},"26":{"start":{"line":147,"column":33},"end":{"line":147,"column":35}},"27":{"start":{"line":149,"column":2},"end":{"line":191,"column":null}},"28":{"start":{"line":149,"column":15},"end":{"line":149,"column":18}},"29":{"start":{"line":150,"column":28},"end":{"line":150,"column":null}},"30":{"start":{"line":151,"column":23},"end":{"line":151,"column":null}},"31":{"start":{"line":153,"column":4},"end":{"line":158,"column":null}},"32":{"start":{"line":161,"column":6},"end":{"line":163,"column":null}},"33":{"start":{"line":165,"column":20},"end":{"line":173,"column":6}},"34":{"start":{"line":175,"column":37},"end":{"line":182,"column":null}},"35":{"start":{"line":178,"column":41},"end":{"line":178,"column":48}},"36":{"start":{"line":184,"column":4},"end":{"line":184,"column":null}},"37":{"start":{"line":186,"column":4},"end":{"line":191,"column":null}},"38":{"start":{"line":194,"column":2},"end":{"line":194,"column":null}},"39":{"start":{"line":209,"column":4},"end":{"line":209,"column":null}},"40":{"start":{"line":210,"column":20},"end":{"line":210,"column":30}},"41":{"start":{"line":212,"column":2},"end":{"line":257,"column":null}},"42":{"start":{"line":213,"column":24},"end":{"line":222,"column":28}},"43":{"start":{"line":222,"column":19},"end":{"line":222,"column":28}},"44":{"start":{"line":224,"column":22},"end":{"line":224,"column":null}},"45":{"start":{"line":226,"column":17},"end":{"line":235,"column":6}},"46":{"start":{"line":237,"column":20},"end":{"line":237,"column":74}},"47":{"start":{"line":239,"column":4},"end":{"line":247,"column":null}},"48":{"start":{"line":249,"column":4},"end":{"line":257,"column":null}}},"fnMap":{"0":{"name":"getAbi","decl":{"start":{"line":7,"column":9},"end":{"line":7,"column":16}},"loc":{"start":{"line":7,"column":51},"end":{"line":8,"column":null}},"line":7},"1":{"name":"disperseTokens","decl":{"start":{"line":50,"column":22},"end":{"line":50,"column":37}},"loc":{"start":{"line":50,"column":85},"end":{"line":117,"column":null}},"line":50},"2":{"name":"(anonymous_2)","decl":{"start":{"line":74,"column":47},"end":{"line":74,"column":55}},"loc":{"start":{"line":74,"column":66},"end":{"line":74,"column":75}},"line":74},"3":{"name":"disperseTokensSimple","decl":{"start":{"line":127,"column":22},"end":{"line":127,"column":null}},"loc":{"start":{"line":129,"column":26},"end":{"line":194,"column":null}},"line":129},"4":{"name":"(anonymous_4)","decl":{"start":{"line":178,"column":31},"end":{"line":178,"column":41}},"loc":{"start":{"line":178,"column":41},"end":{"line":178,"column":48}},"line":178},"5":{"name":"executeBatch","decl":{"start":{"line":207,"column":15},"end":{"line":207,"column":28}},"loc":{"start":{"line":207,"column":79},"end":{"line":257,"column":null}},"line":207},"6":{"name":"(anonymous_6)","decl":{"start":{"line":222,"column":7},"end":{"line":222,"column":19}},"loc":{"start":{"line":222,"column":19},"end":{"line":222,"column":28}},"line":222}},"branchMap":{"0":{"loc":{"start":{"line":8,"column":10},"end":{"line":8,"column":null}},"type":"cond-expr","locations":[{"start":{"line":8,"column":33},"end":{"line":8,"column":61}},{"start":{"line":8,"column":61},"end":{"line":8,"column":null}}],"line":8},"1":{"loc":{"start":{"line":57,"column":4},"end":{"line":57,"column":null}},"type":"default-arg","locations":[{"start":{"line":57,"column":11},"end":{"line":57,"column":null}}],"line":57},"2":{"loc":{"start":{"line":58,"column":4},"end":{"line":58,"column":null}},"type":"default-arg","locations":[{"start":{"line":58,"column":17},"end":{"line":58,"column":null}}],"line":58},"3":{"loc":{"start":{"line":61,"column":4},"end":{"line":61,"column":null}},"type":"default-arg","locations":[{"start":{"line":61,"column":16},"end":{"line":61,"column":null}}],"line":61},"4":{"loc":{"start":{"line":74,"column":23},"end":{"line":74,"column":null}},"type":"cond-expr","locations":[{"start":{"line":74,"column":34},"end":{"line":74,"column":78}},{"start":{"line":74,"column":81},"end":{"line":74,"column":null}}],"line":74},"5":{"loc":{"start":{"line":84,"column":6},"end":{"line":86,"column":null}},"type":"cond-expr","locations":[{"start":{"line":85,"column":10},"end":{"line":85,"column":null}},{"start":{"line":86,"column":10},"end":{"line":86,"column":null}}],"line":84},"6":{"loc":{"start":{"line":103,"column":23},"end":{"line":103,"column":null}},"type":"cond-expr","locations":[{"start":{"line":103,"column":57},"end":{"line":103,"column":74}},{"start":{"line":103,"column":74},"end":{"line":103,"column":null}}],"line":103},"7":{"loc":{"start":{"line":113,"column":14},"end":{"line":113,"column":null}},"type":"cond-expr","locations":[{"start":{"line":113,"column":48},"end":{"line":113,"column":62}},{"start":{"line":113,"column":62},"end":{"line":113,"column":null}}],"line":113},"8":{"loc":{"start":{"line":136,"column":4},"end":{"line":136,"column":null}},"type":"default-arg","locations":[{"start":{"line":136,"column":11},"end":{"line":136,"column":null}}],"line":136},"9":{"loc":{"start":{"line":137,"column":4},"end":{"line":137,"column":null}},"type":"default-arg","locations":[{"start":{"line":137,"column":17},"end":{"line":137,"column":null}}],"line":137},"10":{"loc":{"start":{"line":140,"column":4},"end":{"line":140,"column":null}},"type":"default-arg","locations":[{"start":{"line":140,"column":16},"end":{"line":140,"column":null}}],"line":140},"11":{"loc":{"start":{"line":151,"column":23},"end":{"line":151,"column":null}},"type":"cond-expr","locations":[{"start":{"line":151,"column":34},"end":{"line":151,"column":73}},{"start":{"line":151,"column":76},"end":{"line":151,"column":null}}],"line":151},"12":{"loc":{"start":{"line":161,"column":6},"end":{"line":163,"column":null}},"type":"cond-expr","locations":[{"start":{"line":162,"column":10},"end":{"line":162,"column":null}},{"start":{"line":163,"column":10},"end":{"line":163,"column":null}}],"line":161},"13":{"loc":{"start":{"line":180,"column":23},"end":{"line":180,"column":null}},"type":"cond-expr","locations":[{"start":{"line":180,"column":57},"end":{"line":180,"column":74}},{"start":{"line":180,"column":74},"end":{"line":180,"column":null}}],"line":180},"14":{"loc":{"start":{"line":190,"column":14},"end":{"line":190,"column":null}},"type":"cond-expr","locations":[{"start":{"line":190,"column":48},"end":{"line":190,"column":62}},{"start":{"line":190,"column":62},"end":{"line":190,"column":null}}],"line":190},"15":{"loc":{"start":{"line":246,"column":15},"end":{"line":246,"column":null}},"type":"cond-expr","locations":[{"start":{"line":246,"column":46},"end":{"line":246,"column":60}},{"start":{"line":246,"column":60},"end":{"line":246,"column":null}}],"line":246}},"s":{"0":7,"1":1,"2":1,"3":5,"4":5,"5":5,"6":5,"7":5,"8":5,"9":5,"10":5,"11":6,"12":6,"13":6,"14":9,"15":6,"16":6,"17":6,"18":6,"19":6,"20":6,"21":6,"22":2,"23":2,"24":2,"25":2,"26":2,"27":2,"28":2,"29":2,"30":2,"31":2,"32":2,"33":2,"34":2,"35":4,"36":2,"37":2,"38":2,"39":8,"40":8,"41":8,"42":8,"43":1,"44":8,"45":8,"46":8,"47":8,"48":0},"f":{"0":7,"1":5,"2":9,"3":2,"4":4,"5":8,"6":1},"b":{"0":[7,0],"1":[5],"2":[5],"3":[5],"4":[4,2],"5":[6,0],"6":[5,1],"7":[1,0],"8":[2],"9":[2],"10":[2],"11":[1,1],"12":[2,0],"13":[2,0],"14":[0,0],"15":[7,1]},"meta":{"lastBranch":16,"lastFunction":7,"lastStatement":49,"seen":{"f:7:9:7:16":0,"s:8:2:8:Infinity":0,"b:8:33:8:61:8:61:8:Infinity":0,"s:12:2:12:Infinity":1,"s:13:21:13:Infinity":2,"f:50:22:50:37":1,"s:63:6:63:Infinity":3,"b:57:11:57:Infinity":1,"b:58:17:58:Infinity":2,"b:61:16:61:Infinity":3,"s:65:14:65:29":4,"s:66:19:66:Infinity":5,"s:67:8:67:60":6,"s:68:8:68:54":7,"s:69:33:69:35":8,"s:71:2:114:Infinity":9,"s:71:15:71:18":10,"s:72:28:72:Infinity":11,"s:73:25:73:Infinity":12,"s:74:23:74:Infinity":13,"b:74:34:74:78:74:81:74:Infinity":4,"f:74:47:74:55":2,"s:74:66:74:75":14,"s:76:4:81:Infinity":15,"s:84:6:86:Infinity":16,"b:85:10:85:Infinity:86:10:86:Infinity":5,"s:88:20:96:6":17,"s:98:37:105:Infinity":18,"b:103:57:103:74:103:74:103:Infinity":6,"s:107:4:107:Infinity":19,"s:109:4:114:Infinity":20,"b:113:48:113:62:113:62:113:Infinity":7,"s:117:2:117:Infinity":21,"f:127:22:127:Infinity":3,"s:142:6:142:Infinity":22,"b:136:11:136:Infinity":8,"b:137:17:137:Infinity":9,"b:140:16:140:Infinity":10,"s:144:14:144:29":23,"s:145:19:145:Infinity":24,"s:146:8:146:60":25,"s:147:33:147:35":26,"s:149:2:191:Infinity":27,"s:149:15:149:18":28,"s:150:28:150:Infinity":29,"s:151:23:151:Infinity":30,"b:151:34:151:73:151:76:151:Infinity":11,"s:153:4:158:Infinity":31,"s:161:6:163:Infinity":32,"b:162:10:162:Infinity:163:10:163:Infinity":12,"s:165:20:173:6":33,"s:175:37:182:Infinity":34,"f:178:31:178:41":4,"s:178:41:178:48":35,"b:180:57:180:74:180:74:180:Infinity":13,"s:184:4:184:Infinity":36,"s:186:4:191:Infinity":37,"b:190:48:190:62:190:62:190:Infinity":14,"s:194:2:194:Infinity":38,"f:207:15:207:28":5,"s:209:4:209:Infinity":39,"s:210:20:210:30":40,"s:212:2:257:Infinity":41,"s:213:24:222:28":42,"f:222:7:222:19":6,"s:222:19:222:28":43,"s:224:22:224:Infinity":44,"s:226:17:235:6":45,"s:237:20:237:74":46,"s:239:4:247:Infinity":47,"b:246:46:246:60:246:60:246:Infinity":15,"s:249:4:257:Infinity":48}}}
,"/Users/michaelmclaughlin/Documents/morbius/github/airdrop/packages/sdk/src/distributor/index.ts": {"path":"/Users/michaelmclaughlin/Documents/morbius/github/airdrop/packages/sdk/src/distributor/index.ts","statementMap":{},"fnMap":{},"branchMap":{},"s":{},"f":{},"b":{},"meta":{"lastBranch":0,"lastFunction":0,"lastStatement":0,"seen":{}}}
,"/Users/michaelmclaughlin/Documents/morbius/github/airdrop/packages/sdk/src/distributor/registry.ts": {"path":"/Users/michaelmclaughlin/Documents/morbius/github/airdrop/packages/sdk/src/distributor/registry.ts","statementMap":{"0":{"start":{"line":4,"column":16},"end":{"line":4,"column":null}},"1":{"start":{"line":24,"column":81},"end":{"line":24,"column":null}},"2":{"start":{"line":26,"column":17},"end":{"line":31,"column":4}},"3":{"start":{"line":33,"column":2},"end":{"line":33,"column":null}}},"fnMap":{"0":{"name":"checkRecipients","decl":{"start":{"line":21,"column":22},"end":{"line":21,"column":null}},"loc":{"start":{"line":23,"column":22},"end":{"line":33,"column":null}},"line":23}},"branchMap":{},"s":{"0":1,"1":1,"2":1,"3":1},"f":{"0":1},"b":{},"meta":{"lastBranch":0,"lastFunction":1,"lastStatement":4,"seen":{"s:4:16:4:Infinity":0,"f:21:22:21:Infinity":0,"s:24:81:24:Infinity":1,"s:26:17:31:4":2,"s:33:2:33:Infinity":3}}}
,"/Users/michaelmclaughlin/Documents/morbius/github/airdrop/packages/sdk/src/distributor/verify.ts": {"path":"/Users/michaelmclaughlin/Documents/morbius/github/airdrop/packages/sdk/src/distributor/verify.ts","statementMap":{"0":{"start":{"line":34,"column":6},"end":{"line":34,"column":null}},"1":{"start":{"line":36,"column":8},"end":{"line":36,"column":43}},"2":{"start":{"line":37,"column":2},"end":{"line":42,"column":null}},"3":{"start":{"line":38,"column":4},"end":{"line":42,"column":null}},"4":{"start":{"line":45,"column":8},"end":{"line":45,"column":59}},"5":{"start":{"line":46,"column":23},"end":{"line":46,"column":null}},"6":{"start":{"line":47,"column":23},"end":{"line":47,"column":82}},"7":{"start":{"line":49,"column":2},"end":{"line":82,"column":null}},"8":{"start":{"line":50,"column":21},"end":{"line":64,"column":6}},"9":{"start":{"line":66,"column":18},"end":{"line":66,"column":39}},"10":{"start":{"line":72,"column":4},"end":{"line":76,"column":null}},"11":{"start":{"line":78,"column":4},"end":{"line":82,"column":null}}},"fnMap":{"0":{"name":"verifyContract","decl":{"start":{"line":27,"column":22},"end":{"line":27,"column":37}},"loc":{"start":{"line":27,"column":82},"end":{"line":82,"column":null}},"line":27}},"branchMap":{"0":{"loc":{"start":{"line":33,"column":4},"end":{"line":33,"column":null}},"type":"default-arg","locations":[{"start":{"line":33,"column":22},"end":{"line":33,"column":null}}],"line":33},"1":{"loc":{"start":{"line":37,"column":2},"end":{"line":42,"column":null}},"type":"if","locations":[{"start":{"line":37,"column":2},"end":{"line":42,"column":null}},{"start":{},"end":{}}],"line":37},"2":{"loc":{"start":{"line":46,"column":23},"end":{"line":46,"column":null}},"type":"cond-expr","locations":[{"start":{"line":46,"column":46},"end":{"line":46,"column":64}},{"start":{"line":46,"column":64},"end":{"line":46,"column":null}}],"line":46},"3":{"loc":{"start":{"line":74,"column":15},"end":{"line":74,"column":null}},"type":"binary-expr","locations":[{"start":{"line":74,"column":15},"end":{"line":74,"column":30}},{"start":{"line":74,"column":30},"end":{"line":74,"column":null}}],"line":74}},"s":{"0":4,"1":4,"2":4,"3":3,"4":1,"5":1,"6":4,"7":4,"8":4,"9":1,"10":1,"11":0},"f":{"0":4},"b":{"0":[4],"1":[3,1],"2":[1,0],"3":[1,0]},"meta":{"lastBranch":4,"lastFunction":1,"lastStatement":12,"seen":{"f:27:22:27:37":0,"s:34:6:34:Infinity":0,"b:33:22:33:Infinity":0,"s:36:8:36:43":1,"b:37:2:42:Infinity:undefined:undefined:undefined:undefined":1,"s:37:2:42:Infinity":2,"s:38:4:42:Infinity":3,"s:45:8:45:59":4,"s:46:23:46:Infinity":5,"b:46:46:46:64:46:64:46:Infinity":2,"s:47:23:47:82":6,"s:49:2:82:Infinity":7,"s:50:21:64:6":8,"s:66:18:66:39":9,"s:72:4:76:Infinity":10,"b:74:15:74:30:74:30:74:Infinity":3,"s:78:4:82:Infinity":11}}}
,"/Users/michaelmclaughlin/Documents/morbius/github/airdrop/packages/sdk/src/distributor/artifacts/TitrateFull.json": {"path":"/Users/michaelmclaughlin/Documents/morbius/github/airdrop/packages/sdk/src/distributor/artifacts/TitrateFull.json","statementMap":{"0":{"start":{"line":1,"column":28},"end":{"line":1,"column":41}},"1":{"start":{"line":2,"column":19},"end":{"line":2,"column":2960}},"2":{"start":{"line":3,"column":24},"end":{"line":3,"column":9282}}},"fnMap":{},"branchMap":{},"s":{"0":1,"1":1,"2":1},"f":{},"b":{},"meta":{"lastBranch":0,"lastFunction":0,"lastStatement":3,"seen":{"s:1:28:1:41":0,"s:2:19:2:2960":1,"s:3:24:3:9282":2}}}
,"/Users/michaelmclaughlin/Documents/morbius/github/airdrop/packages/sdk/src/distributor/artifacts/TitrateSimple.json": {"path":"/Users/michaelmclaughlin/Documents/morbius/github/airdrop/packages/sdk/src/distributor/artifacts/TitrateSimple.json","statementMap":{"0":{"start":{"line":1,"column":28},"end":{"line":1,"column":43}},"1":{"start":{"line":2,"column":19},"end":{"line":2,"column":871}},"2":{"start":{"line":3,"column":24},"end":{"line":3,"column":3992}}},"fnMap":{},"branchMap":{},"s":{"0":1,"1":1,"2":1},"f":{},"b":{},"meta":{"lastBranch":0,"lastFunction":0,"lastStatement":3,"seen":{"s:1:28:1:43":0,"s:2:19:2:871":1,"s:3:24:3:3992":2}}}
,"/Users/michaelmclaughlin/Documents/morbius/github/airdrop/packages/sdk/src/encode/encoders.ts": {"path":"/Users/michaelmclaughlin/Documents/morbius/github/airdrop/packages/sdk/src/encode/encoders.ts","statementMap":{"0":{"start":{"line":5,"column":6},"end":{"line":7,"column":2}},"1":{"start":{"line":9,"column":6},"end":{"line":11,"column":2}},"2":{"start":{"line":14,"column":2},"end":{"line":18,"column":null}},"3":{"start":{"line":22,"column":2},"end":{"line":22,"column":null}},"4":{"start":{"line":29,"column":2},"end":{"line":37,"column":null}},"5":{"start":{"line":41,"column":2},"end":{"line":45,"column":null}},"6":{"start":{"line":48,"column":22},"end":{"line":48,"column":null}}},"fnMap":{"0":{"name":"transfer","decl":{"start":{"line":13,"column":9},"end":{"line":13,"column":18}},"loc":{"start":{"line":13,"column":73},"end":{"line":18,"column":null}},"line":13},"1":{"name":"nativeTransfer","decl":{"start":{"line":21,"column":9},"end":{"line":21,"column":24}},"loc":{"start":{"line":21,"column":47},"end":{"line":22,"column":null}},"line":21},"2":{"name":"swap","decl":{"start":{"line":25,"column":9},"end":{"line":25,"column":null}},"loc":{"start":{"line":28,"column":12},"end":{"line":37,"column":null}},"line":28},"3":{"name":"raw","decl":{"start":{"line":40,"column":9},"end":{"line":40,"column":13}},"loc":{"start":{"line":40,"column":98},"end":{"line":45,"column":null}},"line":40}},"branchMap":{},"s":{"0":1,"1":1,"2":1,"3":1,"4":1,"5":1,"6":1},"f":{"0":1,"1":1,"2":1,"3":1},"b":{},"meta":{"lastBranch":0,"lastFunction":4,"lastStatement":7,"seen":{"s:5:6:7:2":0,"s:9:6:11:2":1,"f:13:9:13:18":0,"s:14:2:18:Infinity":2,"f:21:9:21:24":1,"s:22:2:22:Infinity":3,"f:25:9:25:Infinity":2,"s:29:2:37:Infinity":4,"f:40:9:40:13":3,"s:41:2:45:Infinity":5,"s:48:22:48:Infinity":6}}}
,"/Users/michaelmclaughlin/Documents/morbius/github/airdrop/packages/sdk/src/encode/index.ts": {"path":"/Users/michaelmclaughlin/Documents/morbius/github/airdrop/packages/sdk/src/encode/index.ts","statementMap":{},"fnMap":{},"branchMap":{},"s":{},"f":{},"b":{},"meta":{"lastBranch":0,"lastFunction":0,"lastStatement":0,"seen":{}}}
,"/Users/michaelmclaughlin/Documents/morbius/github/airdrop/packages/sdk/src/pipeline/filters.ts": {"path":"/Users/michaelmclaughlin/Documents/morbius/github/airdrop/packages/sdk/src/pipeline/filters.ts","statementMap":{"0":{"start":{"line":17,"column":2},"end":{"line":33,"column":null}},"1":{"start":{"line":19,"column":6},"end":{"line":19,"column":null}},"2":{"start":{"line":21,"column":6},"end":{"line":21,"column":null}},"3":{"start":{"line":23,"column":6},"end":{"line":23,"column":null}},"4":{"start":{"line":25,"column":6},"end":{"line":25,"column":null}},"5":{"start":{"line":27,"column":6},"end":{"line":27,"column":null}},"6":{"start":{"line":29,"column":6},"end":{"line":29,"column":null}},"7":{"start":{"line":31,"column":6},"end":{"line":31,"column":null}},"8":{"start":{"line":33,"column":6},"end":{"line":33,"column":null}},"9":{"start":{"line":38,"column":2},"end":{"line":58,"column":null}},"10":{"start":{"line":39,"column":4},"end":{"line":39,"column":null}},"11":{"start":{"line":39,"column":14},"end":{"line":39,"column":null}},"12":{"start":{"line":40,"column":19},"end":{"line":40,"column":37}},"13":{"start":{"line":41,"column":25},"end":{"line":41,"column":39}},"14":{"start":{"line":43,"column":4},"end":{"line":48,"column":null}},"15":{"start":{"line":47,"column":6},"end":{"line":48,"column":null}},"16":{"start":{"line":48,"column":8},"end":{"line":48,"column":null}},"17":{"start":{"line":48,"column":31},"end":{"line":48,"column":null}},"18":{"start":{"line":52,"column":4},"end":{"line":57,"column":null}},"19":{"start":{"line":58,"column":4},"end":{"line":58,"column":null}},"20":{"start":{"line":63,"column":8},"end":{"line":63,"column":60}},"21":{"start":{"line":64,"column":22},"end":{"line":66,"column":null}},"22":{"start":{"line":68,"column":2},"end":{"line":91,"column":null}},"23":{"start":{"line":69,"column":4},"end":{"line":69,"column":null}},"24":{"start":{"line":69,"column":14},"end":{"line":69,"column":null}},"25":{"start":{"line":70,"column":19},"end":{"line":70,"column":37}},"26":{"start":{"line":71,"column":25},"end":{"line":71,"column":39}},"27":{"start":{"line":73,"column":4},"end":{"line":80,"column":null}},"28":{"start":{"line":78,"column":6},"end":{"line":80,"column":null}},"29":{"start":{"line":79,"column":8},"end":{"line":80,"column":null}},"30":{"start":{"line":80,"column":10},"end":{"line":80,"column":null}},"31":{"start":{"line":85,"column":4},"end":{"line":90,"column":null}},"32":{"start":{"line":91,"column":4},"end":{"line":91,"column":null}},"33":{"start":{"line":96,"column":20},"end":{"line":96,"column":null}},"34":{"start":{"line":97,"column":20},"end":{"line":97,"column":null}},"35":{"start":{"line":99,"column":2},"end":{"line":125,"column":null}},"36":{"start":{"line":100,"column":4},"end":{"line":100,"column":null}},"37":{"start":{"line":100,"column":14},"end":{"line":100,"column":null}},"38":{"start":{"line":101,"column":19},"end":{"line":101,"column":37}},"39":{"start":{"line":102,"column":25},"end":{"line":102,"column":39}},"40":{"start":{"line":104,"column":4},"end":{"line":114,"column":null}},"41":{"start":{"line":108,"column":6},"end":{"line":114,"column":null}},"42":{"start":{"line":109,"column":8},"end":{"line":114,"column":null}},"43":{"start":{"line":114,"column":10},"end":{"line":114,"column":null}},"44":{"start":{"line":119,"column":4},"end":{"line":124,"column":null}},"45":{"start":{"line":125,"column":4},"end":{"line":125,"column":null}},"46":{"start":{"line":130,"column":17},"end":{"line":130,"column":54}},"47":{"start":{"line":131,"column":21},"end":{"line":131,"column":65}},"48":{"start":{"line":132,"column":19},"end":{"line":132,"column":61}},"49":{"start":{"line":134,"column":2},"end":{"line":157,"column":null}},"50":{"start":{"line":135,"column":4},"end":{"line":135,"column":null}},"51":{"start":{"line":135,"column":14},"end":{"line":135,"column":null}},"52":{"start":{"line":136,"column":23},"end":{"line":136,"column":40}},"53":{"start":{"line":138,"column":4},"end":{"line":143,"column":null}},"54":{"start":{"line":143,"column":6},"end":{"line":143,"column":null}},"55":{"start":{"line":143,"column":32},"end":{"line":143,"column":null}},"56":{"start":{"line":146,"column":19},"end":{"line":146,"column":37}},"57":{"start":{"line":147,"column":4},"end":{"line":148,"column":null}},"58":{"start":{"line":148,"column":6},"end":{"line":148,"column":null}},"59":{"start":{"line":148,"column":47},"end":{"line":148,"column":null}},"60":{"start":{"line":151,"column":4},"end":{"line":156,"column":null}},"61":{"start":{"line":157,"column":4},"end":{"line":157,"column":null}},"62":{"start":{"line":162,"column":24},"end":{"line":163,"column":null}},"63":{"start":{"line":163,"column":46},"end":{"line":163,"column":61}},"64":{"start":{"line":166,"column":2},"end":{"line":177,"column":null}},"65":{"start":{"line":167,"column":19},"end":{"line":167,"column":37}},"66":{"start":{"line":168,"column":4},"end":{"line":169,"column":null}},"67":{"start":{"line":169,"column":6},"end":{"line":169,"column":null}},"68":{"start":{"line":169,"column":50},"end":{"line":169,"column":null}},"69":{"start":{"line":171,"column":4},"end":{"line":176,"column":null}},"70":{"start":{"line":177,"column":4},"end":{"line":177,"column":null}},"71":{"start":{"line":182,"column":2},"end":{"line":182,"column":null}},"72":{"start":{"line":187,"column":2},"end":{"line":194,"column":null}},"73":{"start":{"line":188,"column":4},"end":{"line":193,"column":null}},"74":{"start":{"line":194,"column":4},"end":{"line":194,"column":null}}},"fnMap":{"0":{"name":"createFilter","decl":{"start":{"line":16,"column":16},"end":{"line":16,"column":29}},"loc":{"start":{"line":16,"column":91},"end":{"line":33,"column":null}},"line":16},"1":{"name":"contractCheckFilter","decl":{"start":{"line":37,"column":9},"end":{"line":37,"column":47}},"loc":{"start":{"line":37,"column":47},"end":{"line":58,"column":null}},"line":37},"2":{"name":"(anonymous_2)","decl":{"start":{"line":38,"column":9},"end":{"line":38,"column":16}},"loc":{"start":{"line":38,"column":47},"end":{"line":58,"column":null}},"line":38},"3":{"name":"minBalanceFilter","decl":{"start":{"line":62,"column":9},"end":{"line":62,"column":26}},"loc":{"start":{"line":62,"column":64},"end":{"line":91,"column":null}},"line":62},"4":{"name":"(anonymous_4)","decl":{"start":{"line":68,"column":9},"end":{"line":68,"column":16}},"loc":{"start":{"line":68,"column":47},"end":{"line":91,"column":null}},"line":68},"5":{"name":"nonceRangeFilter","decl":{"start":{"line":95,"column":9},"end":{"line":95,"column":26}},"loc":{"start":{"line":95,"column":64},"end":{"line":125,"column":null}},"line":95},"6":{"name":"(anonymous_6)","decl":{"start":{"line":99,"column":9},"end":{"line":99,"column":16}},"loc":{"start":{"line":99,"column":47},"end":{"line":125,"column":null}},"line":99},"7":{"name":"tokenRecipientsFilter","decl":{"start":{"line":129,"column":9},"end":{"line":129,"column":31}},"loc":{"start":{"line":129,"column":69},"end":{"line":157,"column":null}},"line":129},"8":{"name":"(anonymous_8)","decl":{"start":{"line":134,"column":9},"end":{"line":134,"column":16}},"loc":{"start":{"line":134,"column":47},"end":{"line":157,"column":null}},"line":134},"9":{"name":"csvExclusionFilter","decl":{"start":{"line":161,"column":9},"end":{"line":161,"column":28}},"loc":{"start":{"line":161,"column":66},"end":{"line":177,"column":null}},"line":161},"10":{"name":"(anonymous_10)","decl":{"start":{"line":163,"column":35},"end":{"line":163,"column":40}},"loc":{"start":{"line":163,"column":46},"end":{"line":163,"column":61}},"line":163},"11":{"name":"(anonymous_11)","decl":{"start":{"line":166,"column":9},"end":{"line":166,"column":16}},"loc":{"start":{"line":166,"column":48},"end":{"line":177,"column":null}},"line":166},"12":{"name":"previouslySentFilter","decl":{"start":{"line":181,"column":9},"end":{"line":181,"column":30}},"loc":{"start":{"line":181,"column":68},"end":{"line":182,"column":null}},"line":181},"13":{"name":"registryCheckFilter","decl":{"start":{"line":185,"column":9},"end":{"line":185,"column":29}},"loc":{"start":{"line":185,"column":68},"end":{"line":194,"column":null}},"line":185},"14":{"name":"(anonymous_14)","decl":{"start":{"line":187,"column":9},"end":{"line":187,"column":16}},"loc":{"start":{"line":187,"column":48},"end":{"line":194,"column":null}},"line":187}},"branchMap":{"0":{"loc":{"start":{"line":17,"column":2},"end":{"line":33,"column":null}},"type":"switch","locations":[{"start":{"line":18,"column":4},"end":{"line":19,"column":null}},{"start":{"line":20,"column":4},"end":{"line":21,"column":null}},{"start":{"line":22,"column":4},"end":{"line":23,"column":null}},{"start":{"line":24,"column":4},"end":{"line":25,"column":null}},{"start":{"line":26,"column":4},"end":{"line":27,"column":null}},{"start":{"line":28,"column":4},"end":{"line":29,"column":null}},{"start":{"line":30,"column":4},"end":{"line":31,"column":null}},{"start":{"line":32,"column":4},"end":{"line":33,"column":null}}],"line":17},"1":{"loc":{"start":{"line":39,"column":4},"end":{"line":39,"column":null}},"type":"if","locations":[{"start":{"line":39,"column":4},"end":{"line":39,"column":null}},{"start":{},"end":{}}],"line":39},"2":{"loc":{"start":{"line":48,"column":8},"end":{"line":48,"column":null}},"type":"if","locations":[{"start":{"line":48,"column":8},"end":{"line":48,"column":null}},{"start":{},"end":{}}],"line":48},"3":{"loc":{"start":{"line":64,"column":22},"end":{"line":66,"column":null}},"type":"cond-expr","locations":[{"start":{"line":65,"column":6},"end":{"line":65,"column":51}},{"start":{"line":66,"column":6},"end":{"line":66,"column":null}}],"line":64},"4":{"loc":{"start":{"line":69,"column":4},"end":{"line":69,"column":null}},"type":"if","locations":[{"start":{"line":69,"column":4},"end":{"line":69,"column":null}},{"start":{},"end":{}}],"line":69},"5":{"loc":{"start":{"line":79,"column":8},"end":{"line":80,"column":null}},"type":"if","locations":[{"start":{"line":79,"column":8},"end":{"line":80,"column":null}},{"start":{},"end":{}}],"line":79},"6":{"loc":{"start":{"line":79,"column":12},"end":{"line":79,"column":72}},"type":"binary-expr","locations":[{"start":{"line":79,"column":12},"end":{"line":79,"column":43}},{"start":{"line":79,"column":43},"end":{"line":79,"column":72}}],"line":79},"7":{"loc":{"start":{"line":96,"column":20},"end":{"line":96,"column":null}},"type":"binary-expr","locations":[{"start":{"line":96,"column":20},"end":{"line":96,"column":50}},{"start":{"line":96,"column":50},"end":{"line":96,"column":null}}],"line":96},"8":{"loc":{"start":{"line":97,"column":20},"end":{"line":97,"column":null}},"type":"binary-expr","locations":[{"start":{"line":97,"column":20},"end":{"line":97,"column":50}},{"start":{"line":97,"column":50},"end":{"line":97,"column":null}}],"line":97},"9":{"loc":{"start":{"line":100,"column":4},"end":{"line":100,"column":null}},"type":"if","locations":[{"start":{"line":100,"column":4},"end":{"line":100,"column":null}},{"start":{},"end":{}}],"line":100},"10":{"loc":{"start":{"line":109,"column":8},"end":{"line":114,"column":null}},"type":"if","locations":[{"start":{"line":109,"column":8},"end":{"line":114,"column":null}},{"start":{},"end":{}}],"line":109},"11":{"loc":{"start":{"line":110,"column":10},"end":{"line":112,"column":null}},"type":"binary-expr","locations":[{"start":{"line":110,"column":10},"end":{"line":110,"column":null}},{"start":{"line":111,"column":10},"end":{"line":111,"column":null}},{"start":{"line":112,"column":10},"end":{"line":112,"column":null}}],"line":110},"12":{"loc":{"start":{"line":135,"column":4},"end":{"line":135,"column":null}},"type":"if","locations":[{"start":{"line":135,"column":4},"end":{"line":135,"column":null}},{"start":{},"end":{}}],"line":135},"13":{"loc":{"start":{"line":148,"column":6},"end":{"line":148,"column":null}},"type":"if","locations":[{"start":{"line":148,"column":6},"end":{"line":148,"column":null}},{"start":{},"end":{}}],"line":148},"14":{"loc":{"start":{"line":169,"column":6},"end":{"line":169,"column":null}},"type":"if","locations":[{"start":{"line":169,"column":6},"end":{"line":169,"column":null}},{"start":{},"end":{}}],"line":169}},"s":{"0":6,"1":2,"2":3,"3":0,"4":0,"5":1,"6":0,"7":0,"8":0,"9":2,"10":2,"11":1,"12":1,"13":1,"14":1,"15":1,"16":2,"17":1,"18":1,"19":2,"20":3,"21":3,"22":3,"23":3,"24":1,"25":2,"26":2,"27":2,"28":2,"29":4,"30":3,"31":2,"32":3,"33":0,"34":0,"35":0,"36":0,"37":0,"38":0,"39":0,"40":0,"41":0,"42":0,"43":0,"44":0,"45":0,"46":0,"47":0,"48":0,"49":0,"50":0,"51":0,"52":0,"53":0,"54":0,"55":0,"56":0,"57":0,"58":0,"59":0,"60":0,"61":0,"62":1,"63":1,"64":1,"65":1,"66":1,"67":3,"68":2,"69":1,"70":1,"71":0,"72":0,"73":0,"74":0},"f":{"0":6,"1":2,"2":2,"3":3,"4":3,"5":0,"6":0,"7":0,"8":0,"9":1,"10":1,"11":1,"12":0,"13":0,"14":0},"b":{"0":[2,3,0,0,1,0,0,0],"1":[1,1],"2":[1,1],"3":[0,3],"4":[1,2],"5":[3,1],"6":[4,4],"7":[0,0],"8":[0,0],"9":[0,0],"10":[0,0],"11":[0,0,0],"12":[0,0],"13":[0,0],"14":[2,1]},"meta":{"lastBranch":15,"lastFunction":15,"lastStatement":75,"seen":{"f:16:16:16:29":0,"b:18:4:19:Infinity:20:4:21:Infinity:22:4:23:Infinity:24:4:25:Infinity:26:4:27:Infinity:28:4:29:Infinity:30:4:31:Infinity:32:4:33:Infinity":0,"s:17:2:33:Infinity":0,"s:19:6:19:Infinity":1,"s:21:6:21:Infinity":2,"s:23:6:23:Infinity":3,"s:25:6:25:Infinity":4,"s:27:6:27:Infinity":5,"s:29:6:29:Infinity":6,"s:31:6:31:Infinity":7,"s:33:6:33:Infinity":8,"f:37:9:37:47":1,"s:38:2:58:Infinity":9,"f:38:9:38:16":2,"b:39:4:39:Infinity:undefined:undefined:undefined:undefined":1,"s:39:4:39:Infinity":10,"s:39:14:39:Infinity":11,"s:40:19:40:37":12,"s:41:25:41:39":13,"s:43:4:48:Infinity":14,"s:47:6:48:Infinity":15,"b:48:8:48:Infinity:undefined:undefined:undefined:undefined":2,"s:48:8:48:Infinity":16,"s:48:31:48:Infinity":17,"s:52:4:57:Infinity":18,"s:58:4:58:Infinity":19,"f:62:9:62:26":3,"s:63:8:63:60":20,"s:64:22:66:Infinity":21,"b:65:6:65:51:66:6:66:Infinity":3,"s:68:2:91:Infinity":22,"f:68:9:68:16":4,"b:69:4:69:Infinity:undefined:undefined:undefined:undefined":4,"s:69:4:69:Infinity":23,"s:69:14:69:Infinity":24,"s:70:19:70:37":25,"s:71:25:71:39":26,"s:73:4:80:Infinity":27,"s:78:6:80:Infinity":28,"b:79:8:80:Infinity:undefined:undefined:undefined:undefined":5,"s:79:8:80:Infinity":29,"b:79:12:79:43:79:43:79:72":6,"s:80:10:80:Infinity":30,"s:85:4:90:Infinity":31,"s:91:4:91:Infinity":32,"f:95:9:95:26":5,"s:96:20:96:Infinity":33,"b:96:20:96:50:96:50:96:Infinity":7,"s:97:20:97:Infinity":34,"b:97:20:97:50:97:50:97:Infinity":8,"s:99:2:125:Infinity":35,"f:99:9:99:16":6,"b:100:4:100:Infinity:undefined:undefined:undefined:undefined":9,"s:100:4:100:Infinity":36,"s:100:14:100:Infinity":37,"s:101:19:101:37":38,"s:102:25:102:39":39,"s:104:4:114:Infinity":40,"s:108:6:114:Infinity":41,"b:109:8:114:Infinity:undefined:undefined:undefined:undefined":10,"s:109:8:114:Infinity":42,"b:110:10:110:Infinity:111:10:111:Infinity:112:10:112:Infinity":11,"s:114:10:114:Infinity":43,"s:119:4:124:Infinity":44,"s:125:4:125:Infinity":45,"f:129:9:129:31":7,"s:130:17:130:54":46,"s:131:21:131:65":47,"s:132:19:132:61":48,"s:134:2:157:Infinity":49,"f:134:9:134:16":8,"b:135:4:135:Infinity:undefined:undefined:undefined:undefined":12,"s:135:4:135:Infinity":50,"s:135:14:135:Infinity":51,"s:136:23:136:40":52,"s:138:4:143:Infinity":53,"s:143:6:143:Infinity":54,"s:143:32:143:Infinity":55,"s:146:19:146:37":56,"s:147:4:148:Infinity":57,"b:148:6:148:Infinity:undefined:undefined:undefined:undefined":13,"s:148:6:148:Infinity":58,"s:148:47:148:Infinity":59,"s:151:4:156:Infinity":60,"s:157:4:157:Infinity":61,"f:161:9:161:28":9,"s:162:24:163:Infinity":62,"f:163:35:163:40":10,"s:163:46:163:61":63,"s:166:2:177:Infinity":64,"f:166:9:166:16":11,"s:167:19:167:37":65,"s:168:4:169:Infinity":66,"b:169:6:169:Infinity:undefined:undefined:undefined:undefined":14,"s:169:6:169:Infinity":67,"s:169:50:169:Infinity":68,"s:171:4:176:Infinity":69,"s:177:4:177:Infinity":70,"f:181:9:181:30":12,"s:182:2:182:Infinity":71,"f:185:9:185:29":13,"s:187:2:194:Infinity":72,"f:187:9:187:16":14,"s:188:4:193:Infinity":73,"s:194:4:194:Infinity":74}}}
,"/Users/michaelmclaughlin/Documents/morbius/github/airdrop/packages/sdk/src/pipeline/index.ts": {"path":"/Users/michaelmclaughlin/Documents/morbius/github/airdrop/packages/sdk/src/pipeline/index.ts","statementMap":{},"fnMap":{},"branchMap":{},"s":{},"f":{},"b":{},"meta":{"lastBranch":0,"lastFunction":0,"lastStatement":0,"seen":{}}}
,"/Users/michaelmclaughlin/Documents/morbius/github/airdrop/packages/sdk/src/pipeline/pipeline.ts": {"path":"/Users/michaelmclaughlin/Documents/morbius/github/airdrop/packages/sdk/src/pipeline/pipeline.ts","statementMap":{"0":{"start":{"line":24,"column":32},"end":{"line":24,"column":63}},"1":{"start":{"line":26,"column":29},"end":{"line":64,"column":null}},"2":{"start":{"line":28,"column":6},"end":{"line":28,"column":null}},"3":{"start":{"line":29,"column":6},"end":{"line":29,"column":null}},"4":{"start":{"line":33,"column":6},"end":{"line":33,"column":null}},"5":{"start":{"line":34,"column":6},"end":{"line":34,"column":null}},"6":{"start":{"line":38,"column":6},"end":{"line":38,"column":null}},"7":{"start":{"line":43,"column":24},"end":{"line":43,"column":42}},"8":{"start":{"line":45,"column":6},"end":{"line":49,"column":null}},"9":{"start":{"line":46,"column":8},"end":{"line":46,"column":null}},"10":{"start":{"line":46,"column":36},"end":{"line":46,"column":null}},"11":{"start":{"line":47,"column":14},"end":{"line":47,"column":67}},"12":{"start":{"line":48,"column":8},"end":{"line":49,"column":null}},"13":{"start":{"line":49,"column":10},"end":{"line":49,"column":null}},"14":{"start":{"line":49,"column":36},"end":{"line":49,"column":null}},"15":{"start":{"line":54,"column":20},"end":{"line":54,"column":null}},"16":{"start":{"line":55,"column":6},"end":{"line":58,"column":null}},"17":{"start":{"line":56,"column":8},"end":{"line":56,"column":null}},"18":{"start":{"line":56,"column":36},"end":{"line":56,"column":null}},"19":{"start":{"line":57,"column":14},"end":{"line":57,"column":67}},"20":{"start":{"line":58,"column":8},"end":{"line":58,"column":null}},"21":{"start":{"line":62,"column":6},"end":{"line":62,"column":null}},"22":{"start":{"line":66,"column":2},"end":{"line":66,"column":null}},"23":{"start":{"line":71,"column":2},"end":{"line":71,"column":null}}},"fnMap":{"0":{"name":"createPipeline","decl":{"start":{"line":23,"column":16},"end":{"line":23,"column":31}},"loc":{"start":{"line":23,"column":66},"end":{"line":66,"column":null}},"line":23},"1":{"name":"(anonymous_1)","decl":{"start":{"line":27,"column":4},"end":{"line":27,"column":14}},"loc":{"start":{"line":27,"column":34},"end":{"line":29,"column":null}},"line":27},"2":{"name":"(anonymous_2)","decl":{"start":{"line":32,"column":4},"end":{"line":32,"column":14}},"loc":{"start":{"line":32,"column":34},"end":{"line":34,"column":null}},"line":32},"3":{"name":"(anonymous_3)","decl":{"start":{"line":37,"column":4},"end":{"line":37,"column":32}},"loc":{"start":{"line":37,"column":32},"end":{"line":38,"column":null}},"line":37},"4":{"name":"(anonymous_4)","decl":{"start":{"line":41,"column":11},"end":{"line":41,"column":19}},"loc":{"start":{"line":41,"column":38},"end":{"line":62,"column":null}},"line":41},"5":{"name":"deserializePipeline","decl":{"start":{"line":70,"column":16},"end":{"line":70,"column":36}},"loc":{"start":{"line":70,"column":70},"end":{"line":71,"column":null}},"line":70}},"branchMap":{"0":{"loc":{"start":{"line":24,"column":32},"end":{"line":24,"column":63}},"type":"cond-expr","locations":[{"start":{"line":24,"column":41},"end":{"line":24,"column":58}},{"start":{"line":24,"column":61},"end":{"line":24,"column":63}}],"line":24},"1":{"loc":{"start":{"line":46,"column":8},"end":{"line":46,"column":null}},"type":"if","locations":[{"start":{"line":46,"column":8},"end":{"line":46,"column":null}},{"start":{},"end":{}}],"line":46},"2":{"loc":{"start":{"line":56,"column":8},"end":{"line":56,"column":null}},"type":"if","locations":[{"start":{"line":56,"column":8},"end":{"line":56,"column":null}},{"start":{},"end":{}}],"line":56}},"s":{"0":18,"1":18,"2":16,"3":16,"4":9,"5":9,"6":5,"7":13,"8":13,"9":19,"10":6,"11":13,"12":13,"13":21,"14":500,"15":12,"16":12,"17":18,"18":12,"19":6,"20":6,"21":10,"22":18,"23":1},"f":{"0":18,"1":16,"2":9,"3":5,"4":13,"5":1},"b":{"0":[1,17],"1":[6,13],"2":[12,6]},"meta":{"lastBranch":3,"lastFunction":6,"lastStatement":24,"seen":{"f:23:16:23:31":0,"s:24:32:24:63":0,"b:24:41:24:58:24:61:24:63":0,"s:26:29:64:Infinity":1,"f:27:4:27:14":1,"s:28:6:28:Infinity":2,"s:29:6:29:Infinity":3,"f:32:4:32:14":2,"s:33:6:33:Infinity":4,"s:34:6:34:Infinity":5,"f:37:4:37:32":3,"s:38:6:38:Infinity":6,"f:41:11:41:19":4,"s:43:24:43:42":7,"s:45:6:49:Infinity":8,"b:46:8:46:Infinity:undefined:undefined:undefined:undefined":1,"s:46:8:46:Infinity":9,"s:46:36:46:Infinity":10,"s:47:14:47:67":11,"s:48:8:49:Infinity":12,"s:49:10:49:Infinity":13,"s:49:36:49:Infinity":14,"s:54:20:54:Infinity":15,"s:55:6:58:Infinity":16,"b:56:8:56:Infinity:undefined:undefined:undefined:undefined":2,"s:56:8:56:Infinity":17,"s:56:36:56:Infinity":18,"s:57:14:57:67":19,"s:58:8:58:Infinity":20,"s:62:6:62:Infinity":21,"s:66:2:66:Infinity":22,"f:70:16:70:36":5,"s:71:2:71:Infinity":23}}}
,"/Users/michaelmclaughlin/Documents/morbius/github/airdrop/packages/sdk/src/pipeline/sources.ts": {"path":"/Users/michaelmclaughlin/Documents/morbius/github/airdrop/packages/sdk/src/pipeline/sources.ts","statementMap":{"0":{"start":{"line":14,"column":2},"end":{"line":22,"column":null}},"1":{"start":{"line":16,"column":6},"end":{"line":16,"column":null}},"2":{"start":{"line":18,"column":6},"end":{"line":18,"column":null}},"3":{"start":{"line":20,"column":6},"end":{"line":20,"column":null}},"4":{"start":{"line":22,"column":6},"end":{"line":22,"column":null}},"5":{"start":{"line":27,"column":23},"end":{"line":27,"column":null}},"6":{"start":{"line":28,"column":15},"end":{"line":28,"column":32}},"7":{"start":{"line":29,"column":29},"end":{"line":29,"column":31}},"8":{"start":{"line":31,"column":2},"end":{"line":35,"column":null}},"9":{"start":{"line":32,"column":18},"end":{"line":32,"column":36}},"10":{"start":{"line":33,"column":4},"end":{"line":33,"column":null}},"11":{"start":{"line":33,"column":25},"end":{"line":33,"column":null}},"12":{"start":{"line":34,"column":4},"end":{"line":34,"column":null}},"13":{"start":{"line":35,"column":4},"end":{"line":35,"column":null}},"14":{"start":{"line":38,"column":2},"end":{"line":39,"column":null}},"15":{"start":{"line":39,"column":4},"end":{"line":39,"column":null}},"16":{"start":{"line":44,"column":2},"end":{"line":55,"column":null}},"17":{"start":{"line":45,"column":4},"end":{"line":45,"column":null}},"18":{"start":{"line":45,"column":14},"end":{"line":45,"column":null}},"19":{"start":{"line":47,"column":37},"end":{"line":53,"column":null}},"20":{"start":{"line":55,"column":4},"end":{"line":55,"column":null}},"21":{"start":{"line":60,"column":18},"end":{"line":60,"column":null}},"22":{"start":{"line":62,"column":2},"end":{"line":65,"column":null}},"23":{"start":{"line":63,"column":4},"end":{"line":65,"column":null}},"24":{"start":{"line":64,"column":23},"end":{"line":64,"column":53}},"25":{"start":{"line":65,"column":6},"end":{"line":65,"column":null}}},"fnMap":{"0":{"name":"createSource","decl":{"start":{"line":13,"column":16},"end":{"line":13,"column":29}},"loc":{"start":{"line":13,"column":91},"end":{"line":22,"column":null}},"line":13},"1":{"name":"csvSource","decl":{"start":{"line":26,"column":9},"end":{"line":26,"column":19}},"loc":{"start":{"line":26,"column":57},"end":{"line":39,"column":null}},"line":26},"2":{"name":"(anonymous_2)","decl":{"start":{"line":38,"column":9},"end":{"line":38,"column":28}},"loc":{"start":{"line":38,"column":28},"end":{"line":39,"column":null}},"line":38},"3":{"name":"blockScanSource","decl":{"start":{"line":43,"column":9},"end":{"line":43,"column":25}},"loc":{"start":{"line":43,"column":63},"end":{"line":55,"column":null}},"line":43},"4":{"name":"(anonymous_4)","decl":{"start":{"line":44,"column":9},"end":{"line":44,"column":26}},"loc":{"start":{"line":44,"column":43},"end":{"line":55,"column":null}},"line":44},"5":{"name":"unionSource","decl":{"start":{"line":59,"column":9},"end":{"line":59,"column":21}},"loc":{"start":{"line":59,"column":59},"end":{"line":65,"column":null}},"line":59},"6":{"name":"(anonymous_6)","decl":{"start":{"line":62,"column":9},"end":{"line":62,"column":26}},"loc":{"start":{"line":62,"column":43},"end":{"line":65,"column":null}},"line":62}},"branchMap":{"0":{"loc":{"start":{"line":14,"column":2},"end":{"line":22,"column":null}},"type":"switch","locations":[{"start":{"line":15,"column":4},"end":{"line":16,"column":null}},{"start":{"line":17,"column":4},"end":{"line":18,"column":null}},{"start":{"line":19,"column":4},"end":{"line":20,"column":null}},{"start":{"line":21,"column":4},"end":{"line":22,"column":null}}],"line":14},"1":{"loc":{"start":{"line":33,"column":4},"end":{"line":33,"column":null}},"type":"if","locations":[{"start":{"line":33,"column":4},"end":{"line":33,"column":null}},{"start":{},"end":{}}],"line":33},"2":{"loc":{"start":{"line":45,"column":4},"end":{"line":45,"column":null}},"type":"if","locations":[{"start":{"line":45,"column":4},"end":{"line":45,"column":null}},{"start":{},"end":{}}],"line":45},"3":{"loc":{"start":{"line":50,"column":16},"end":{"line":50,"column":null}},"type":"binary-expr","locations":[{"start":{"line":50,"column":16},"end":{"line":50,"column":58}},{"start":{"line":50,"column":58},"end":{"line":50,"column":null}}],"line":50},"4":{"loc":{"start":{"line":51,"column":18},"end":{"line":51,"column":null}},"type":"binary-expr","locations":[{"start":{"line":51,"column":18},"end":{"line":51,"column":49}},{"start":{"line":51,"column":49},"end":{"line":51,"column":null}}],"line":51}},"s":{"0":18,"1":13,"2":3,"3":2,"4":0,"5":13,"6":13,"7":13,"8":13,"9":22,"10":22,"11":1,"12":21,"13":21,"14":13,"15":13,"16":3,"17":3,"18":1,"19":2,"20":3,"21":2,"22":2,"23":2,"24":5,"25":5},"f":{"0":18,"1":13,"2":13,"3":3,"4":3,"5":2,"6":2},"b":{"0":[13,3,2,0],"1":[1,21],"2":[1,2],"3":[2,0],"4":[3,2]},"meta":{"lastBranch":5,"lastFunction":7,"lastStatement":26,"seen":{"f:13:16:13:29":0,"b:15:4:16:Infinity:17:4:18:Infinity:19:4:20:Infinity:21:4:22:Infinity":0,"s:14:2:22:Infinity":0,"s:16:6:16:Infinity":1,"s:18:6:18:Infinity":2,"s:20:6:20:Infinity":3,"s:22:6:22:Infinity":4,"f:26:9:26:19":1,"s:27:23:27:Infinity":5,"s:28:15:28:32":6,"s:29:29:29:31":7,"s:31:2:35:Infinity":8,"s:32:18:32:36":9,"b:33:4:33:Infinity:undefined:undefined:undefined:undefined":1,"s:33:4:33:Infinity":10,"s:33:25:33:Infinity":11,"s:34:4:34:Infinity":12,"s:35:4:35:Infinity":13,"s:38:2:39:Infinity":14,"f:38:9:38:28":2,"s:39:4:39:Infinity":15,"f:43:9:43:25":3,"s:44:2:55:Infinity":16,"f:44:9:44:26":4,"b:45:4:45:Infinity:undefined:undefined:undefined:undefined":2,"s:45:4:45:Infinity":17,"s:45:14:45:Infinity":18,"s:47:37:53:Infinity":19,"b:50:16:50:58:50:58:50:Infinity":3,"b:51:18:51:49:51:49:51:Infinity":4,"s:55:4:55:Infinity":20,"f:59:9:59:21":5,"s:60:18:60:Infinity":21,"s:62:2:65:Infinity":22,"f:62:9:62:26":6,"s:63:4:65:Infinity":23,"s:64:23:64:53":24,"s:65:6:65:Infinity":25}}}
,"/Users/michaelmclaughlin/Documents/morbius/github/airdrop/packages/sdk/src/scanner/blocks.ts": {"path":"/Users/michaelmclaughlin/Documents/morbius/github/airdrop/packages/sdk/src/scanner/blocks.ts","statementMap":{"0":{"start":{"line":24,"column":61},"end":{"line":24,"column":null}},"1":{"start":{"line":25,"column":16},"end":{"line":25,"column":null}},"2":{"start":{"line":26,"column":23},"end":{"line":26,"column":null}},"3":{"start":{"line":28,"column":2},"end":{"line":59,"column":null}},"4":{"start":{"line":30,"column":6},"end":{"line":32,"column":null}},"5":{"start":{"line":34,"column":33},"end":{"line":34,"column":35}},"6":{"start":{"line":36,"column":4},"end":{"line":46,"column":null}},"7":{"start":{"line":36,"column":24},"end":{"line":36,"column":33}},"8":{"start":{"line":37,"column":20},"end":{"line":40,"column":null}},"9":{"start":{"line":38,"column":14},"end":{"line":38,"column":80}},"10":{"start":{"line":43,"column":6},"end":{"line":46,"column":null}},"11":{"start":{"line":44,"column":8},"end":{"line":44,"column":null}},"12":{"start":{"line":44,"column":36},"end":{"line":44,"column":null}},"13":{"start":{"line":45,"column":21},"end":{"line":45,"column":null}},"14":{"start":{"line":46,"column":8},"end":{"line":46,"column":null}},"15":{"start":{"line":46,"column":18},"end":{"line":46,"column":null}},"16":{"start":{"line":50,"column":4},"end":{"line":50,"column":null}},"17":{"start":{"line":51,"column":4},"end":{"line":56,"column":null}},"18":{"start":{"line":58,"column":4},"end":{"line":58,"column":null}},"19":{"start":{"line":58,"column":30},"end":{"line":58,"column":null}},"20":{"start":{"line":59,"column":4},"end":{"line":59,"column":null}},"21":{"start":{"line":71,"column":17},"end":{"line":71,"column":59}},"22":{"start":{"line":72,"column":26},"end":{"line":72,"column":50}},"23":{"start":{"line":74,"column":2},"end":{"line":74,"column":null}},"24":{"start":{"line":74,"column":36},"end":{"line":74,"column":null}},"25":{"start":{"line":76,"column":12},"end":{"line":76,"column":null}},"26":{"start":{"line":77,"column":13},"end":{"line":77,"column":null}},"27":{"start":{"line":79,"column":2},"end":{"line":89,"column":null}},"28":{"start":{"line":80,"column":10},"end":{"line":80,"column":null}},"29":{"start":{"line":81,"column":18},"end":{"line":84,"column":null}},"30":{"start":{"line":82,"column":12},"end":{"line":82,"column":46}},"31":{"start":{"line":86,"column":4},"end":{"line":89,"column":null}},"32":{"start":{"line":87,"column":6},"end":{"line":87,"column":null}},"33":{"start":{"line":89,"column":6},"end":{"line":89,"column":null}},"34":{"start":{"line":93,"column":2},"end":{"line":93,"column":null}}},"fnMap":{"0":{"name":"scanBlocks","decl":{"start":{"line":20,"column":23},"end":{"line":20,"column":null}},"loc":{"start":{"line":23,"column":29},"end":{"line":59,"column":null}},"line":23},"1":{"name":"(anonymous_1)","decl":{"start":{"line":37,"column":26},"end":{"line":37,"column":null}},"loc":{"start":{"line":38,"column":14},"end":{"line":38,"column":80}},"line":38},"2":{"name":"resolveBlockByTimestamp","decl":{"start":{"line":67,"column":22},"end":{"line":67,"column":null}},"loc":{"start":{"line":70,"column":19},"end":{"line":93,"column":null}},"line":70},"3":{"name":"(anonymous_3)","decl":{"start":{"line":81,"column":24},"end":{"line":81,"column":null}},"loc":{"start":{"line":82,"column":12},"end":{"line":82,"column":46}},"line":82}},"branchMap":{"0":{"loc":{"start":{"line":24,"column":41},"end":{"line":24,"column":61}},"type":"default-arg","locations":[{"start":{"line":24,"column":53},"end":{"line":24,"column":61}}],"line":24},"1":{"loc":{"start":{"line":30,"column":6},"end":{"line":32,"column":null}},"type":"cond-expr","locations":[{"start":{"line":31,"column":10},"end":{"line":31,"column":null}},{"start":{"line":32,"column":10},"end":{"line":32,"column":null}}],"line":30},"2":{"loc":{"start":{"line":44,"column":8},"end":{"line":44,"column":null}},"type":"if","locations":[{"start":{"line":44,"column":8},"end":{"line":44,"column":null}},{"start":{},"end":{}}],"line":44},"3":{"loc":{"start":{"line":45,"column":21},"end":{"line":45,"column":null}},"type":"cond-expr","locations":[{"start":{"line":45,"column":45},"end":{"line":45,"column":55}},{"start":{"line":45,"column":55},"end":{"line":45,"column":null}}],"line":45},"4":{"loc":{"start":{"line":46,"column":8},"end":{"line":46,"column":null}},"type":"if","locations":[{"start":{"line":46,"column":8},"end":{"line":46,"column":null}},{"start":{},"end":{}}],"line":46},"5":{"loc":{"start":{"line":58,"column":4},"end":{"line":58,"column":null}},"type":"if","locations":[{"start":{"line":58,"column":4},"end":{"line":58,"column":null}},{"start":{},"end":{}}],"line":58},"6":{"loc":{"start":{"line":74,"column":2},"end":{"line":74,"column":null}},"type":"if","locations":[{"start":{"line":74,"column":2},"end":{"line":74,"column":null}},{"start":{},"end":{}}],"line":74},"7":{"loc":{"start":{"line":86,"column":4},"end":{"line":89,"column":null}},"type":"if","locations":[{"start":{"line":86,"column":4},"end":{"line":89,"column":null}},{"start":{"line":88,"column":11},"end":{"line":89,"column":null}}],"line":86}},"s":{"0":6,"1":6,"2":6,"3":6,"4":18,"5":18,"6":18,"7":18,"8":1291,"9":1291,"10":1291,"11":1125,"12":0,"13":1125,"14":1125,"15":960,"16":1291,"17":1291,"18":18,"19":18,"20":18,"21":3,"22":3,"23":3,"24":2,"25":1,"26":1,"27":1,"28":9,"29":9,"30":9,"31":9,"32":5,"33":4,"34":1},"f":{"0":6,"1":1291,"2":3,"3":9},"b":{"0":[6],"1":[6,12],"2":[0,1125],"3":[565,560],"4":[960,165],"5":[18,0],"6":[2,1],"7":[5,4]},"meta":{"lastBranch":8,"lastFunction":4,"lastStatement":35,"seen":{"f:20:23:20:Infinity":0,"s:24:61:24:Infinity":0,"b:24:53:24:61":0,"s:25:16:25:Infinity":1,"s:26:23:26:Infinity":2,"s:28:2:59:Infinity":3,"s:30:6:32:Infinity":4,"b:31:10:31:Infinity:32:10:32:Infinity":1,"s:34:33:34:35":5,"s:36:4:46:Infinity":6,"s:36:24:36:33":7,"s:37:20:40:Infinity":8,"f:37:26:37:Infinity":1,"s:38:14:38:80":9,"s:43:6:46:Infinity":10,"b:44:8:44:Infinity:undefined:undefined:undefined:undefined":2,"s:44:8:44:Infinity":11,"s:44:36:44:Infinity":12,"s:45:21:45:Infinity":13,"b:45:45:45:55:45:55:45:Infinity":3,"b:46:8:46:Infinity:undefined:undefined:undefined:undefined":4,"s:46:8:46:Infinity":14,"s:46:18:46:Infinity":15,"s:50:4:50:Infinity":16,"s:51:4:56:Infinity":17,"b:58:4:58:Infinity:undefined:undefined:undefined:undefined":5,"s:58:4:58:Infinity":18,"s:58:30:58:Infinity":19,"s:59:4:59:Infinity":20,"f:67:22:67:Infinity":2,"s:71:17:71:59":21,"s:72:26:72:50":22,"b:74:2:74:Infinity:undefined:undefined:undefined:undefined":6,"s:74:2:74:Infinity":23,"s:74:36:74:Infinity":24,"s:76:12:76:Infinity":25,"s:77:13:77:Infinity":26,"s:79:2:89:Infinity":27,"s:80:10:80:Infinity":28,"s:81:18:84:Infinity":29,"f:81:24:81:Infinity":3,"s:82:12:82:46":30,"b:86:4:89:Infinity:88:11:89:Infinity":7,"s:86:4:89:Infinity":31,"s:87:6:87:Infinity":32,"s:89:6:89:Infinity":33,"s:93:2:93:Infinity":34}}}
,"/Users/michaelmclaughlin/Documents/morbius/github/airdrop/packages/sdk/src/scanner/index.ts": {"path":"/Users/michaelmclaughlin/Documents/morbius/github/airdrop/packages/sdk/src/scanner/index.ts","statementMap":{},"fnMap":{},"branchMap":{},"s":{},"f":{},"b":{},"meta":{"lastBranch":0,"lastFunction":0,"lastStatement":0,"seen":{}}}
[...]
:6},"end":{"line":61,"column":null}},"18":{"start":{"line":61,"column":32},"end":{"line":61,"column":null}},"19":{"start":{"line":63,"column":6},"end":{"line":63,"column":null}},"20":{"start":{"line":64,"column":6},"end":{"line":64,"column":null}},"21":{"start":{"line":66,"column":6},"end":{"line":68,"column":null}},"22":{"start":{"line":67,"column":8},"end":{"line":67,"column":null}},"23":{"start":{"line":68,"column":8},"end":{"line":68,"column":null}},"24":{"start":{"line":70,"column":6},"end":{"line":70,"column":null}}},"fnMap":{"0":{"name":"scanTransferEvents","decl":{"start":{"line":20,"column":23},"end":{"line":20,"column":null}},"loc":{"start":{"line":24,"column":29},"end":{"line":70,"column":null}},"line":24}},"branchMap":{"0":{"loc":{"start":{"line":32,"column":6},"end":{"line":34,"column":null}},"type":"cond-expr","locations":[{"start":{"line":33,"column":10},"end":{"line":33,"column":null}},{"start":{"line":34,"column":10},"end":{"line":34,"column":null}}],"line":32},"1":{"loc":{"start":{"line":48,"column":8},"end":{"line":49,"column":null}},"type":"if","locations":[{"start":{"line":48,"column":8},"end":{"line":49,"column":null}},{"start":{},"end":{}}],"line":48},"2":{"loc":{"start":{"line":61,"column":6},"end":{"line":61,"column":null}},"type":"if","locations":[{"start":{"line":61,"column":6},"end":{"line":61,"column":null}},{"start":{},"end":{}}],"line":61},"3":{"loc":{"start":{"line":66,"column":6},"end":{"line":68,"column":null}},"type":"if","locations":[{"start":{"line":66,"column":6},"end":{"line":68,"column":null}},{"start":{},"end":{}}],"line":66}},"s":{"0":2,"1":3,"2":3,"3":3,"4":3,"5":3,"6":3,"7":3,"8":3,"9":3,"10":3,"11":3,"12":3,"13":6,"14":6,"15":3,"16":3,"17":3,"18":2,"19":3,"20":3,"21":0,"22":0,"23":0,"24":0},"f":{"0":3},"b":{"0":[3,0],"1":[6,0],"2":[2,1],"3":[0,0]},"meta":{"lastBranch":4,"lastFunction":1,"lastStatement":25,"seen":{"s:7:6:8:Infinity":0,"f:20:23:20:Infinity":0,"s:25:35:25:Infinity":1,"s:26:8:26:42":2,"s:27:18:27:Infinity":3,"s:28:23:28:Infinity":4,"s:30:2:70:Infinity":5,"s:32:6:34:Infinity":6,"b:33:10:33:Infinity:34:10:34:Infinity":0,"s:36:4:70:Infinity":7,"s:37:17:37:27":8,"s:38:19:43:8":9,"s:44:22:44:Infinity":10,"s:46:35:46:37":11,"s:47:6:49:Infinity":12,"b:48:8:49:Infinity:undefined:undefined:undefined:undefined":1,"s:48:8:49:Infinity":13,"s:49:10:49:Infinity":14,"s:53:6:53:Infinity":15,"s:54:6:59:Infinity":16,"b:61:6:61:Infinity:undefined:undefined:undefined:undefined":2,"s:61:6:61:Infinity":17,"s:61:32:61:Infinity":18,"s:63:6:63:Infinity":19,"s:64:6:64:Infinity":20,"b:66:6:68:Infinity:undefined:undefined:undefined:undefined":3,"s:66:6:68:Infinity":21,"s:67:8:67:Infinity":22,"s:68:8:68:Infinity":23,"s:70:6:70:Infinity":24}}}
,"/Users/michaelmclaughlin/Documents/morbius/github/airdrop/packages/sdk/src/scanner/properties.ts": {"path":"/Users/michaelmclaughlin/Documents/morbius/github/airdrop/packages/sdk/src/scanner/properties.ts","statementMap":{"0":{"start":{"line":32,"column":57},"end":{"line":32,"column":null}},"1":{"start":{"line":33,"column":8},"end":{"line":33,"column":35}},"2":{"start":{"line":34,"column":8},"end":{"line":34,"column":41}},"3":{"start":{"line":35,"column":18},"end":{"line":35,"column":null}},"4":{"start":{"line":37,"column":2},"end":{"line":100,"column":null}},"5":{"start":{"line":38,"column":20},"end":{"line":89,"column":null}},"6":{"start":{"line":40,"column":8},"end":{"line":88,"column":null}},"7":{"start":{"line":46,"column":14},"end":{"line":46,"column":25}},"8":{"start":{"line":48,"column":46},"end":{"line":48,"column":48}},"9":{"start":{"line":50,"column":10},"end":{"line":59,"column":null}},"10":{"start":{"line":51,"column":12},"end":{"line":59,"column":null}},"11":{"start":{"line":53,"column":22},"end":{"line":53,"column":62}},"12":{"start":{"line":57,"column":16},"end":{"line":57,"column":null}},"13":{"start":{"line":62,"column":10},"end":{"line":71,"column":null}},"14":{"start":{"line":63,"column":12},"end":{"line":71,"column":null}},"15":{"start":{"line":65,"column":22},"end":{"line":65,"column":59}},"16":{"start":{"line":69,"column":16},"end":{"line":69,"column":null}},"17":{"start":{"line":74,"column":10},"end":{"line":83,"column":null}},"18":{"start":{"line":75,"column":12},"end":{"line":83,"column":null}},"19":{"start":{"line":77,"column":22},"end":{"line":77,"column":71}},"20":{"start":{"line":81,"column":16},"end":{"line":81,"column":null}},"21":{"start":{"line":86,"column":10},"end":{"line":86,"column":null}},"22":{"start":{"line":87,"column":10},"end":{"line":87,"column":null}},"23":{"start":{"line":92,"column":4},"end":{"line":92,"column":null}},"24":{"start":{"line":93,"column":4},"end":{"line":98,"column":null}},"25":{"start":{"line":100,"column":4},"end":{"line":100,"column":null}}},"fnMap":{"0":{"name":"getAddressProperties","decl":{"start":{"line":27,"column":23},"end":{"line":27,"column":null}},"loc":{"start":{"line":31,"column":39},"end":{"line":100,"column":null}},"line":31},"1":{"name":"(anonymous_1)","decl":{"start":{"line":39,"column":12},"end":{"line":39,"column":17}},"loc":{"start":{"line":40,"column":8},"end":{"line":88,"column":null}},"line":40},"2":{"name":"(anonymous_2)","decl":{"start":{"line":40,"column":14},"end":{"line":40,"column":54}},"loc":{"start":{"line":40,"column":54},"end":{"line":88,"column":null}},"line":40},"3":{"name":"(anonymous_3)","decl":{"start":{"line":52,"column":14},"end":{"line":52,"column":null}},"loc":{"start":{"line":53,"column":22},"end":{"line":53,"column":62}},"line":53},"4":{"name":"(anonymous_4)","decl":{"start":{"line":56,"column":16},"end":{"line":56,"column":22}},"loc":{"start":{"line":56,"column":28},"end":{"line":58,"column":null}},"line":56},"5":{"name":"(anonymous_5)","decl":{"start":{"line":64,"column":14},"end":{"line":64,"column":null}},"loc":{"start":{"line":65,"column":22},"end":{"line":65,"column":59}},"line":65},"6":{"name":"(anonymous_6)","decl":{"start":{"line":68,"column":16},"end":{"line":68,"column":22}},"loc":{"start":{"line":68,"column":28},"end":{"line":70,"column":null}},"line":68},"7":{"name":"(anonymous_7)","decl":{"start":{"line":76,"column":14},"end":{"line":76,"column":null}},"loc":{"start":{"line":77,"column":22},"end":{"line":77,"column":71}},"line":77},"8":{"name":"(anonymous_8)","decl":{"start":{"line":80,"column":16},"end":{"line":80,"column":22}},"loc":{"start":{"line":80,"column":28},"end":{"line":82,"column":null}},"line":80}},"branchMap":{"0":{"loc":{"start":{"line":32,"column":35},"end":{"line":32,"column":57}},"type":"default-arg","locations":[{"start":{"line":32,"column":49},"end":{"line":32,"column":57}}],"line":32},"1":{"loc":{"start":{"line":50,"column":10},"end":{"line":59,"column":null}},"type":"if","locations":[{"start":{"line":50,"column":10},"end":{"line":59,"column":null}},{"start":{},"end":{}}],"line":50},"2":{"loc":{"start":{"line":62,"column":10},"end":{"line":71,"column":null}},"type":"if","locations":[{"start":{"line":62,"column":10},"end":{"line":71,"column":null}},{"start":{},"end":{}}],"line":62},"3":{"loc":{"start":{"line":69,"column":35},"end":{"line":69,"column":null}},"type":"binary-expr","locations":[{"start":{"line":69,"column":35},"end":{"line":69,"column":54}},{"start":{"line":69,"column":54},"end":{"line":69,"column":null}}],"line":69},"4":{"loc":{"start":{"line":74,"column":10},"end":{"line":83,"column":null}},"type":"if","locations":[{"start":{"line":74,"column":10},"end":{"line":83,"column":null}},{"start":{},"end":{}}],"line":74}},"s":{"0":9,"1":9,"2":9,"3":9,"4":9,"5":9,"6":12,"7":12,"8":12,"9":12,"10":7,"11":7,"12":7,"13":12,"14":5,"15":5,"16":5,"17":12,"18":2,"19":2,"20":2,"21":12,"22":12,"23":9,"24":9,"25":9},"f":{"0":9,"1":12,"2":12,"3":7,"4":7,"5":5,"6":5,"7":2,"8":2},"b":{"0":[9],"1":[7,5],"2":[5,7],"3":[5,2],"4":[2,10]},"meta":{"lastBranch":5,"lastFunction":9,"lastStatement":26,"seen":{"f:27:23:27:Infinity":0,"s:32:57:32:Infinity":0,"b:32:49:32:57":0,"s:33:8:33:35":1,"s:34:8:34:41":2,"s:35:18:35:Infinity":3,"s:37:2:100:Infinity":4,"s:38:20:89:Infinity":5,"f:39:12:39:17":1,"s:40:8:88:Infinity":6,"f:40:14:40:54":2,"s:46:14:46:25":7,"s:48:46:48:48":8,"b:50:10:59:Infinity:undefined:undefined:undefined:undefined":1,"s:50:10:59:Infinity":9,"s:51:12:59:Infinity":10,"f:52:14:52:Infinity":3,"s:53:22:53:62":11,"f:56:16:56:22":4,"s:57:16:57:Infinity":12,"b:62:10:71:Infinity:undefined:undefined:undefined:undefined":2,"s:62:10:71:Infinity":13,"s:63:12:71:Infinity":14,"f:64:14:64:Infinity":5,"s:65:22:65:59":15,"f:68:16:68:22":6,"s:69:16:69:Infinity":16,"b:69:35:69:54:69:54:69:Infinity":3,"b:74:10:83:Infinity:undefined:undefined:undefined:undefined":4,"s:74:10:83:Infinity":17,"s:75:12:83:Infinity":18,"f:76:14:76:Infinity":7,"s:77:22:77:71":19,"f:80:16:80:22":8,"s:81:16:81:Infinity":20,"s:86:10:86:Infinity":21,"s:87:10:87:Infinity":22,"s:92:4:92:Infinity":23,"s:93:4:98:Infinity":24,"s:100:4:100:Infinity":25}}}
,"/Users/michaelmclaughlin/Documents/morbius/github/airdrop/packages/sdk/src/scanner/titrate-range.ts": {"path":"/Users/michaelmclaughlin/Documents/morbius/github/airdrop/packages/sdk/src/scanner/titrate-range.ts","statementMap":{"0":{"start":{"line":1,"column":18},"end":{"line":1,"column":null}},"1":{"start":{"line":2,"column":18},"end":{"line":2,"column":null}},"2":{"start":{"line":3,"column":26},"end":{"line":3,"column":null}},"3":{"start":{"line":4,"column":26},"end":{"line":4,"column":null}},"4":{"start":{"line":12,"column":2},"end":{"line":12,"column":null}},"5":{"start":{"line":20,"column":2},"end":{"line":24,"column":null}},"6":{"start":{"line":21,"column":18},"end":{"line":21,"column":67}},"7":{"start":{"line":22,"column":4},"end":{"line":22,"column":null}},"8":{"start":{"line":24,"column":4},"end":{"line":24,"column":null}},"9":{"start":{"line":26,"column":2},"end":{"line":26,"column":null}},"10":{"start":{"line":26,"column":36},"end":{"line":26,"column":null}},"11":{"start":{"line":31,"column":2},"end":{"line":31,"column":null}},"12":{"start":{"line":32,"column":2},"end":{"line":32,"column":null}},"13":{"start":{"line":32,"column":36},"end":{"line":32,"column":null}},"14":{"start":{"line":37,"column":14},"end":{"line":37,"column":27}},"15":{"start":{"line":38,"column":2},"end":{"line":43,"column":null}}},"fnMap":{"0":{"name":"createTitrateState","decl":{"start":{"line":11,"column":16},"end":{"line":11,"column":35}},"loc":{"start":{"line":11,"column":72},"end":{"line":12,"column":null}},"line":11},"1":{"name":"adjustRange","decl":{"start":{"line":19,"column":16},"end":{"line":19,"column":28}},"loc":{"start":{"line":19,"column":74},"end":{"line":26,"column":null}},"line":19},"2":{"name":"shrinkRange","decl":{"start":{"line":30,"column":16},"end":{"line":30,"column":28}},"loc":{"start":{"line":30,"column":55},"end":{"line":32,"column":null}},"line":30},"3":{"name":"isQuerySizeError","decl":{"start":{"line":36,"column":16},"end":{"line":36,"column":33}},"loc":{"start":{"line":36,"column":58},"end":{"line":43,"column":null}},"line":36}},"branchMap":{"0":{"loc":{"start":{"line":11,"column":35},"end":{"line":11,"column":72}},"type":"default-arg","locations":[{"start":{"line":11,"column":50},"end":{"line":11,"column":72}}],"line":11},"1":{"loc":{"start":{"line":20,"column":2},"end":{"line":24,"column":null}},"type":"if","locations":[{"start":{"line":20,"column":2},"end":{"line":24,"column":null}},{"start":{"line":23,"column":9},"end":{"line":24,"column":null}}],"line":20},"2":{"loc":{"start":{"line":26,"column":2},"end":{"line":26,"column":null}},"type":"if","locations":[{"start":{"line":26,"column":2},"end":{"line":26,"column":null}},{"start":{},"end":{}}],"line":26},"3":{"loc":{"start":{"line":32,"column":2},"end":{"line":32,"column":null}},"type":"if","locations":[{"start":{"line":32,"column":2},"end":{"line":32,"column":null}},{"start":{},"end":{}}],"line":32},"4":{"loc":{"start":{"line":39,"column":4},"end":{"line":43,"column":38}},"type":"binary-expr","locations":[{"start":{"line":39,"column":4},"end":{"line":39,"column":28}},{"start":{"line":40,"column":4},"end":{"line":40,"column":26}},{"start":{"line":41,"column":4},"end":{"line":41,"column":25}},{"start":{"line":42,"column":4},"end":{"line":42,"column":46}},{"start":{"line":43,"column":4},"end":{"line":43,"column":38}}],"line":39}},"s":{"0":2,"1":2,"2":2,"3":2,"4":16,"5":9,"6":3,"7":3,"8":6,"9":9,"10":2,"11":5,"12":5,"13":2,"14":10,"15":10},"f":{"0":16,"1":9,"2":5,"3":10},"b":{"0":[16],"1":[3,6],"2":[2,7],"3":[2,3],"4":[10,8,6,5,5]},"meta":{"lastBranch":5,"lastFunction":4,"lastStatement":16,"seen":{"s:1:18:1:Infinity":0,"s:2:18:2:Infinity":1,"s:3:26:3:Infinity":2,"s:4:26:4:Infinity":3,"f:11:16:11:35":0,"b:11:50:11:72":0,"s:12:2:12:Infinity":4,"f:19:16:19:28":1,"b:20:2:24:Infinity:23:9:24:Infinity":1,"s:20:2:24:Infinity":5,"s:21:18:21:67":6,"s:22:4:22:Infinity":7,"s:24:4:24:Infinity":8,"b:26:2:26:Infinity:undefined:undefined:undefined:undefined":2,"s:26:2:26:Infinity":9,"s:26:36:26:Infinity":10,"f:30:16:30:28":2,"s:31:2:31:Infinity":11,"b:32:2:32:Infinity:undefined:undefined:undefined:undefined":3,"s:32:2:32:Infinity":12,"s:32:36:32:Infinity":13,"f:36:16:36:33":3,"s:37:14:37:27":14,"s:38:2:43:Infinity":15,"b:39:4:39:28:40:4:40:26:41:4:41:25:42:4:42:46:43:4:43:38":4}}}
,"/Users/michaelmclaughlin/Documents/morbius/github/airdrop/packages/sdk/src/utils/chunk.ts": {"path":"/Users/michaelmclaughlin/Documents/morbius/github/airdrop/packages/sdk/src/utils/chunk.ts","statementMap":{"0":{"start":{"line":6,"column":24},"end":{"line":6,"column":26}},"1":{"start":{"line":7,"column":2},"end":{"line":8,"column":null}},"2":{"start":{"line":7,"column":15},"end":{"line":7,"column":18}},"3":{"start":{"line":8,"column":4},"end":{"line":8,"column":null}},"4":{"start":{"line":10,"column":2},"end":{"line":10,"column":null}}},"fnMap":{"0":{"name":"chunk","decl":{"start":{"line":5,"column":16},"end":{"line":5,"column":25}},"loc":{"start":{"line":5,"column":67},"end":{"line":10,"column":null}},"line":5}},"branchMap":{},"s":{"0":25,"1":25,"2":25,"3":29,"4":25},"f":{"0":25},"b":{},"meta":{"lastBranch":0,"lastFunction":1,"lastStatement":5,"seen":{"f:5:16:5:25":0,"s:6:24:6:26":0,"s:7:2:8:Infinity":1,"s:7:15:7:18":2,"s:8:4:8:Infinity":3,"s:10:2:10:Infinity":4}}}
,"/Users/michaelmclaughlin/Documents/morbius/github/airdrop/packages/sdk/src/utils/retry.ts": {"path":"/Users/michaelmclaughlin/Documents/morbius/github/airdrop/packages/sdk/src/utils/retry.ts","statementMap":{"0":{"start":{"line":1,"column":20},"end":{"line":1,"column":null}},"1":{"start":{"line":2,"column":22},"end":{"line":2,"column":null}},"2":{"start":{"line":3,"column":21},"end":{"line":3,"column":null}},"3":{"start":{"line":11,"column":14},"end":{"line":11,"column":27}},"4":{"start":{"line":12,"column":2},"end":{"line":12,"column":null}},"5":{"start":{"line":26,"column":2},"end":{"line":37,"column":null}},"6":{"start":{"line":26,"column":21},"end":{"line":26,"column":24}},"7":{"start":{"line":27,"column":4},"end":{"line":37,"column":null}},"8":{"start":{"line":28,"column":6},"end":{"line":28,"column":null}},"9":{"start":{"line":30,"column":6},"end":{"line":30,"column":null}},"10":{"start":{"line":31,"column":6},"end":{"line":31,"column":null}},"11":{"start":{"line":31,"column":32},"end":{"line":31,"column":null}},"12":{"start":{"line":33,"column":18},"end":{"line":33,"column":78}},"13":{"start":{"line":34,"column":6},"end":{"line":34,"column":null}},"14":{"start":{"line":34,"column":33},"end":{"line":34,"column":null}},"15":{"start":{"line":35,"column":6},"end":{"line":35,"column":null}},"16":{"start":{"line":37,"column":6},"end":{"line":37,"column":null}},"17":{"start":{"line":37,"column":37},"end":{"line":37,"column":63}},"18":{"start":{"line":41,"column":2},"end":{"line":41,"column":null}}},"fnMap":{"0":{"name":"isRateLimitError","decl":{"start":{"line":10,"column":9},"end":{"line":10,"column":26}},"loc":{"start":{"line":10,"column":51},"end":{"line":12,"column":null}},"line":10},"1":{"name":"withRetry","decl":{"start":{"line":19,"column":22},"end":{"line":19,"column":null}},"loc":{"start":{"line":23,"column":14},"end":{"line":41,"column":null}},"line":23},"2":{"name":"(anonymous_2)","decl":{"start":{"line":37,"column":16},"end":{"line":37,"column":25}},"loc":{"start":{"line":37,"column":37},"end":{"line":37,"column":63}},"line":37}},"branchMap":{"0":{"loc":{"start":{"line":12,"column":9},"end":{"line":12,"column":89}},"type":"binary-expr","locations":[{"start":{"line":12,"column":9},"end":{"line":12,"column":28}},{"start":{"line":12,"column":32},"end":{"line":12,"column":52}},{"start":{"line":12,"column":56},"end":{"line":12,"column":89}}],"line":12},"1":{"loc":{"start":{"line":22,"column":2},"end":{"line":22,"column":76}},"type":"default-arg","locations":[{"start":{"line":22,"column":74},"end":{"line":22,"column":76}}],"line":22},"2":{"loc":{"start":{"line":22,"column":4},"end":{"line":22,"column":30}},"type":"default-arg","locations":[{"start":{"line":22,"column":17},"end":{"line":22,"column":30}}],"line":22},"3":{"loc":{"start":{"line":22,"column":30},"end":{"line":22,"column":74}},"type":"default-arg","locations":[{"start":{"line":22,"column":42},"end":{"line":22,"column":74}}],"line":22},"4":{"loc":{"start":{"line":31,"column":6},"end":{"line":31,"column":null}},"type":"if","locations":[{"start":{"line":31,"column":6},"end":{"line":31,"column":null}},{"start":{},"end":{}}],"line":31},"5":{"loc":{"start":{"line":34,"column":6},"end":{"line":34,"column":null}},"type":"if","locations":[{"start":{"line":34,"column":6},"end":{"line":34,"column":null}},{"start":{},"end":{}}],"line":34}},"s":{"0":3,"1":3,"2":3,"3":4,"4":4,"5":1317,"6":1317,"7":1321,"8":1321,"9":5,"10":5,"11":1,"12":4,"13":4,"14":0,"15":4,"16":4,"17":4,"18":5},"f":{"0":4,"1":1317,"2":4},"b":{"0":[4,4,4],"1":[1317],"2":[1317],"3":[1317],"4":[1,4],"5":[0,4]},"meta":{"lastBranch":6,"lastFunction":3,"lastStatement":19,"seen":{"s:1:20:1:Infinity":0,"s:2:22:2:Infinity":1,"s:3:21:3:Infinity":2,"f:10:9:10:26":0,"s:11:14:11:27":3,"s:12:2:12:Infinity":4,"b:12:9:12:28:12:32:12:52:12:56:12:89":0,"f:19:22:19:Infinity":1,"b:22:74:22:76":1,"b:22:17:22:30":2,"b:22:42:22:74":3,"s:26:2:37:Infinity":5,"s:26:21:26:24":6,"s:27:4:37:Infinity":7,"s:28:6:28:Infinity":8,"s:30:6:30:Infinity":9,"b:31:6:31:Infinity:undefined:undefined:undefined:undefined":4,"s:31:6:31:Infinity":10,"s:31:32:31:Infinity":11,"s:33:18:33:78":12,"b:34:6:34:Infinity:undefined:undefined:undefined:undefined":5,"s:34:6:34:Infinity":13,"s:34:33:34:Infinity":14,"s:35:6:35:Infinity":15,"s:37:6:37:Infinity":16,"f:37:16:37:25":2,"s:37:37:37:63":17,"s:41:2:41:Infinity":18}}}
,"/Users/michaelmclaughlin/Documents/morbius/github/airdrop/packages/sdk/src/wallet/derive.ts": {"path":"/Users/michaelmclaughlin/Documents/morbius/github/airdrop/packages/sdk/src/wallet/derive.ts","statementMap":{"0":{"start":{"line":29,"column":2},"end":{"line":40,"column":null}},"1":{"start":{"line":49,"column":8},"end":{"line":49,"column":41}},"2":{"start":{"line":50,"column":8},"end":{"line":50,"column":49}},"3":{"start":{"line":51,"column":2},"end":{"line":51,"column":null}}},"fnMap":{"0":{"name":"createEIP712Message","decl":{"start":{"line":28,"column":16},"end":{"line":28,"column":36}},"loc":{"start":{"line":28,"column":82},"end":{"line":40,"column":null}},"line":28},"1":{"name":"deriveHotWallet","decl":{"start":{"line":48,"column":16},"end":{"line":48,"column":32}},"loc":{"start":{"line":48,"column":63},"end":{"line":51,"column":null}},"line":48}},"branchMap":{},"s":{"0":1,"1":6,"2":6,"3":6},"f":{"0":1,"1":6},"b":{},"meta":{"lastBranch":0,"lastFunction":2,"lastStatement":4,"seen":{"f:28:16:28:36":0,"s:29:2:40:Infinity":0,"f:48:16:48:32":1,"s:49:8:49:41":1,"s:50:8:50:49":2,"s:51:2:51:Infinity":3}}}
,"/Users/michaelmclaughlin/Documents/morbius/github/airdrop/packages/sdk/src/wallet/index.ts": {"path":"/Users/michaelmclaughlin/Documents/morbius/github/airdrop/packages/sdk/src/wallet/index.ts","statementMap":{},"fnMap":{},"branchMap":{},"s":{},"f":{},"b":{},"meta":{"lastBranch":0,"lastFunction":0,"lastStatement":0,"seen":{}}}
}
