TN:
SF:src/SimpleERC20.sol
DA:15,0
FN:15,SimpleERC20.constructor
FNDA:0,SimpleERC20.constructor
DA:16,0
DA:17,0
DA:18,0
DA:21,0
FN:21,SimpleERC20.mint
FNDA:0,SimpleERC20.mint
DA:22,0
DA:23,0
DA:24,0
DA:27,0
FN:27,SimpleERC20.approve
FNDA:0,SimpleERC20.approve
DA:28,0
DA:29,0
DA:30,0
DA:33,0
FN:33,SimpleERC20.transfer
FNDA:0,SimpleERC20.transfer
DA:34,0
BRDA:34,0,0,-
BRDA:34,0,1,-
DA:35,0
DA:36,0
DA:37,0
DA:38,0
DA:41,0
FN:41,SimpleERC20.transferFrom
FNDA:0,SimpleERC20.transferFrom
DA:42,0
BRDA:42,1,0,-
BRDA:42,1,1,-
DA:43,0
BRDA:43,2,0,-
BRDA:43,2,1,-
DA:44,0
DA:45,0
DA:46,0
DA:47,0
DA:48,0
FNF:5
FNH:0
LF:26
LH:0
BRF:6
BRH:0
end_of_record
TN:
SF:src/TitrateFull.sol
DA:17,58
FN:17,TitrateFull.approve
FNDA:58,TitrateFull.approve
DA:18,58
DA:21,1
FN:21,TitrateFull.increaseAllowance
FNDA:1,TitrateFull.increaseAllowance
DA:22,1
DA:29,2
FN:29,TitrateFull.checkRecipients
FNDA:2,TitrateFull.checkRecipients
DA:34,2
DA:35,2
DA:36,3
DA:37,3
DA:39,2
DA:44,10
FN:44,TitrateFull.disperse
FNDA:10,TitrateFull.disperse
DA:51,10
BRDA:51,0,0,1
BRDA:51,0,1,9
DA:52,9
DA:53,9
DA:55,7
BRDA:55,1,0,1
DA:56,1
DA:59,4
BRDA:59,2,0,4
BRDA:59,2,1,3
DA:60,4
DA:61,3
DA:63,3
DA:67,10
FN:67,TitrateFull.disperseSimple
FNDA:10,TitrateFull.disperseSimple
DA:74,10
DA:75,10
DA:77,10
BRDA:77,3,0,7
DA:78,7
DA:81,2
BRDA:81,4,0,2
BRDA:81,4,1,7
DA:82,2
DA:83,1
DA:85,7
DA:89,6
FN:89,TitrateFull.disperseCall
FNDA:6,TitrateFull.disperseCall
DA:96,6
BRDA:96,5,0,1
BRDA:96,5,1,5
DA:97,5
BRDA:97,6,0,1
BRDA:97,6,1,4
DA:99,4
DA:100,4
DA:101,4
BRDA:101,7,0,1
BRDA:101,7,1,3
DA:102,3
DA:103,1
BRDA:103,8,0,1
DA:104,3
DA:107,3
DA:112,2
FN:112,TitrateFull.multicall
FNDA:2,TitrateFull.multicall
DA:115,2
DA:116,2
DA:117,3
DA:118,3
BRDA:118,9,0,1
BRDA:118,9,1,2
DA:119,2
DA:120,2
DA:126,19
FN:126,TitrateFull._resolveSource
FNDA:19,TitrateFull._resolveSource
DA:129,19
BRDA:129,10,0,9
DA:130,10
BRDA:130,11,0,1
BRDA:130,11,1,9
DA:131,9
BRDA:131,12,0,1
BRDA:131,12,1,8
DA:135,8
DA:138,8
FN:138,TitrateFull._deductAllowance
FNDA:8,TitrateFull._deductAllowance
DA:139,8
BRDA:139,13,0,1
BRDA:139,13,1,7
DA:143,7
DA:146,1
FN:146,TitrateFull._sum
FNDA:1,TitrateFull._sum
DA:147,1
DA:148,2
DA:149,2
DA:153,4
FN:153,TitrateFull._sendNative
FNDA:4,TitrateFull._sendNative
DA:157,4
DA:158,5
DA:159,5
BRDA:159,14,0,1
BRDA:159,14,1,4
DA:160,4
DA:161,4
DA:165,2
FN:165,TitrateFull._sendNativeSimple
FNDA:2,TitrateFull._sendNativeSimple
DA:169,2
DA:170,3
DA:171,3
BRDA:171,15,0,1
BRDA:171,15,1,2
DA:172,2
DA:173,2
DA:177,3
FN:177,TitrateFull._sendToken
FNDA:3,TitrateFull._sendToken
DA:182,3
DA:183,5
DA:184,5
DA:185,5
DA:189,7
FN:189,TitrateFull._sendTokenSimple
FNDA:7,TitrateFull._sendTokenSimple
DA:194,7
DA:195,10
DA:196,10
DA:197,10
DA:201,22
FN:201,TitrateFull._recordIfNeeded
FNDA:22,TitrateFull._recordIfNeeded
DA:204,22
DA:205,5
BRDA:205,16,0,5
DA:208,7
FN:208,TitrateFull._refundDust
FNDA:7,TitrateFull._refundDust
DA:209,7
BRDA:209,17,0,2
DA:210,2
DA:211,2
BRDA:211,18,0,1
BRDA:211,18,1,1
FNF:16
FNH:16
LF:87
LH:87
BRF:32
BRH:32
end_of_record
TN:
SF:src/TitrateSimple.sol
DA:14,4
FN:14,TitrateSimple.disperse
FNDA:4,TitrateSimple.disperse
DA:19,4
BRDA:19,0,0,1
BRDA:19,0,1,3
DA:20,3
BRDA:20,1,0,2
BRDA:20,1,1,1
DA:21,2
DA:22,2
DA:24,1
DA:29,2
FN:29,TitrateSimple.disperseSimple
FNDA:2,TitrateSimple.disperseSimple
DA:34,2
BRDA:34,2,0,1
BRDA:34,2,1,1
DA:35,1
DA:36,1
DA:38,1
DA:43,3
FN:43,TitrateSimple.disperseCall
FNDA:3,TitrateSimple.disperseCall
DA:48,3
BRDA:48,3,0,1
BRDA:48,3,1,2
DA:49,2
BRDA:49,4,0,0
BRDA:49,4,1,2
DA:50,2
DA:51,4
DA:52,4
BRDA:52,5,0,0
BRDA:52,5,1,4
DA:53,4
DA:55,2
DA:58,2
FN:58,TitrateSimple._sendNative
FNDA:2,TitrateSimple._sendNative
DA:61,2
DA:62,3
DA:63,3
BRDA:63,6,0,0
BRDA:63,6,1,3
DA:64,3
DA:68,1
FN:68,TitrateSimple._sendNativeSimple
FNDA:1,TitrateSimple._sendNativeSimple
DA:71,1
DA:72,3
DA:73,3
BRDA:73,7,0,0
BRDA:73,7,1,3
DA:74,3
DA:78,1
FN:78,TitrateSimple._sendToken
FNDA:1,TitrateSimple._sendToken
DA:81,1
DA:82,3
DA:83,3
DA:87,1
FN:87,TitrateSimple._sendTokenSimple
FNDA:1,TitrateSimple._sendTokenSimple
DA:90,1
DA:91,3
DA:92,3
DA:96,5
FN:96,TitrateSimple._refundDust
FNDA:5,TitrateSimple._refundDust
DA:97,5
BRDA:97,8,0,1
DA:98,1
DA:99,1
BRDA:99,9,0,0
BRDA:99,9,1,1
FNF:8
FNH:8
LF:41
LH:41
BRF:19
BRH:14
end_of_record
TN:
SF:test/TitrateFull.t.sol
DA:10,2
FN:10,ETHRejecter.receive.0
FNDA:2,ETHRejecter.receive.0
DA:11,2
DA:22,1
FN:22,ConditionalRejecter.constructor
FNDA:1,ConditionalRejecter.constructor
DA:23,1
DA:26,1
FN:26,ConditionalRejecter.setRejectETH
FNDA:1,ConditionalRejecter.setRejectETH
DA:27,1
DA:30,1
FN:30,ConditionalRejecter.receive.1
FNDA:1,ConditionalRejecter.receive.1
DA:31,1
BRDA:31,0,0,1
DA:34,1
FN:34,ConditionalRejecter.callDisperse
FNDA:1,ConditionalRejecter.callDisperse
DA:39,1
DA:42,0
FN:42,ConditionalRejecter.callDisperseSimple
FNDA:0,ConditionalRejecter.callDisperseSimple
DA:47,0
FNF:6
FNH:5
LF:12
LH:10
BRF:1
BRH:1
end_of_record
TN:
SF:test/helpers/MockERC20.sol
DA:12,38
FN:12,MockERC20.constructor
FNDA:38,MockERC20.constructor
DA:13,38
DA:14,38
DA:15,38
DA:18,45
FN:18,MockERC20.mint
FNDA:45,MockERC20.mint
DA:19,45
DA:20,45
DA:23,41
FN:23,MockERC20.approve
FNDA:41,MockERC20.approve
DA:24,41
DA:25,41
DA:28,6
FN:28,MockERC20.transfer
FNDA:6,MockERC20.transfer
DA:29,6
BRDA:29,0,0,1
BRDA:29,0,1,5
DA:30,5
DA:31,5
DA:32,5
DA:35,21
FN:35,MockERC20.transferFrom
FNDA:21,MockERC20.transferFrom
DA:36,21
BRDA:36,1,0,0
BRDA:36,1,1,21
DA:37,21
BRDA:37,2,0,0
BRDA:37,2,1,21
DA:38,21
DA:39,21
DA:40,21
DA:41,21
FNF:5
FNH:5
LF:22
LH:22
BRF:6
BRH:4
end_of_record
